454051154616466
unknown url type: facebook.com/connect?access_token=AAAHOssyebnMBAEOOteXKBWHuwefgm766XiiBW1mO8woj2oVEgQ5aEZAkyAlvJoef4exmkqVZB498ifZAZBTBZB7xVrZBso3tMOdMBSE6B4MwZDZD
URL Error on graph lookup: {u'sources': {u'twitter': u'http://twitter.com/AtGBrewery', u'facebook': u'http://www.facebook.com/2008/fbml'}, u'_id': ObjectId('50c29b512218dc3ab99be055'), u'name': u'Against the Grain Brewery & Smokehouse'}
URL Error on graph lookup: {u'sources': {u'twitter': u'http://twitter.com/aleindustries', u'facebook': u'http://www.facebook.com/aleindustries/posts'}, u'_id': ObjectId('50c29b512218dc3ab99be06a'), u'name': u'Ale Industries'}
Ale-Asylum
135960839795485
133654122466
164550669515
56059689222
165528483126
177810042248760
No JSON object could be decoded
122008611167897
110928985661775
URL Error on graph lookup: {u'sources': {u'twitter': None, u'facebook': u'http://www.facebook.com/2008/fbml'}, u'_id': ObjectId('50c29d412218dc3ab99be0ae'), u'name': u'Anheuser-Busch InBev'}
130051217043334
URL Error on graph lookup: {u'sources': {u'twitter': None, u'facebook': u'http://www.facebook.com/2008/fbml'}, u'_id': ObjectId('50c29d412218dc3ab99be0b2'), u'name': u'Anheuser-Busch InBev'}
145736212159410
239355029447358
140927625950174
118160631585118
URL Error on graph lookup: {u'sources': {u'twitter': None, u'facebook': u'http://www.facebook.com/plugins/likebox'}, u'_id': ObjectId('50c29e5d2218dc3ab99be0f5'), u'name': u'Atwood Yacht Club'}
1624210124
162005542775
120235241347240
102001789843566
102001789843566
102001789843566
102001789843566
102001789843566
214445081980760
123950910685
180117295366399
296681997025528
164836996950488
469210020712
469210020712
219045051443150
205601029544895
110625012292392
URL Error on graph lookup: {u'sources': {u'twitter': u'http://twitter.com/BandwagonBeer', u'facebook': u'http://www.facebook.com/profile.php?id=1663563167'}, u'_id': ObjectId('50c29ff12218dc3ab99be13d'), u'name': u'Bandwagon Brew Pub'}
136987969651041
245539675491171
102591199804965
URL Error on graph lookup: {u'sources': {u'twitter': None, u'facebook': u'http://www.facebook.com/plugins/like'}, u'_id': ObjectId('50c29ff12218dc3ab99be159'), u'name': u'Barley Creek Brewing'}
393596285594
287473216591
111640788872909
287473216591
Barleycorns-Craft-Brew
546707134
URL Error on graph lookup: {u'sources': {u'twitter': None, u'facebook': u'http://www.facebook.com/search/'}, u'_id': ObjectId('50c2a10d2218dc3ab99be171'), u'name': u'Barrington Brewery and Restaurant'}
URL Error on graph lookup: {u'sources': {u'twitter': None, u'facebook': u'http://www.facebook.com/home'}, u'_id': ObjectId('50c2a10d2218dc3ab99be18a'), u'name': u'Bayern Brewing'}
119051924779018
389121714434981
350160298227
URL Error on graph lookup: {u'sources': {u'twitter': None, u'facebook': u'http://www.facebook.com/plugins/like'}, u'_id': ObjectId('50c2a10d2218dc3ab99be19a'), u'name': u'Bear Republic Brewing'}
59270779239
Beaver-Street-Brewery
189257844446264
140837629317053
URL Error on graph lookup: {u'sources': {u'twitter': None, u'facebook': u'http://www.facebook.com/home'}, u'_id': ObjectId('50c2a2352218dc3ab99be1c6'), u'name': u'Bellwether Hard Cider'}
URL Error on graph lookup: {u'sources': {u'twitter': None, u'facebook': u'http://www.facebook.com/home'}, u'_id': ObjectId('50c2a3022218dc3ab99be1d5'), u'name': u'Benny Brew Co.'}
58430423094
URL Error on graph lookup: {u'sources': {u'twitter': u'twitter.com/BGBDean', u'facebook': u'http://www.facebook.com/media/set'}, u'_id': ObjectId('50c2a2352218dc3ab99be1c9'), u'name': u'Below Grade Brewing'}
127868767226951
unknown url type: graph.facebook.com/plugins/likebox?access_token=AAAHOssyebnMBAEOOteXKBWHuwefgm766XiiBW1mO8woj2oVEgQ5aEZAkyAlvJoef4exmkqVZB498ifZAZBTBZB7xVrZBso3tMOdMBSE6B4MwZDZD
148433305217270
URL Error on graph lookup: {u'sources': {u'twitter': u'http://twitter.com/#!/BiPlaneBrewingC', u'facebook': u'http://www.facebook.com/people/BiPlane-Brewing'}, u'_id': ObjectId('50c2a3022218dc3ab99be1ef'), u'name': u'Bi-Plane Brewing'}
37289953222
142149049146462
unknown url type: facebook.com/js/api_lib?access_token=AAAHOssyebnMBAEOOteXKBWHuwefgm766XiiBW1mO8woj2oVEgQ5aEZAkyAlvJoef4exmkqVZB498ifZAZBTBZB7xVrZBso3tMOdMBSE6B4MwZDZD
119035291530631
URL Error on graph lookup: {u'sources': {u'twitter': u'http://twitter.com/#!/theRAM', u'facebook': u'http://www.facebook.com/plugins/like'}, u'_id': ObjectId('50c2a3cc2218dc3ab99be20c'), u'name': u'Big Horn Brewing @ The RAM (RAM International)'}
102600093133710
URL Error on graph lookup: {u'sources': {u'twitter': u'http://twitter.com/#!/theRAM', u'facebook': u'http://www.facebook.com/plugins/like'}, u'_id': ObjectId('50c2a3cc2218dc3ab99be20d'), u'name': u'Big Horn Brewing @ The RAM 2 (RAM International)'}
1387173531
Friends-of-Big-Island-Brewhaus
URL Error on graph lookup: {u'sources': {u'twitter': None, u'facebook': u'http://www.facebook.com/home'}, u'_id': ObjectId('50c2a3cc2218dc3ab99be21d'), u'name': u'Big Rock Chop & Brew House'}
189637017728214
URL Error on graph lookup: {u'sources': {u'twitter': u'http://twitter.com/Thebigtexan', u'facebook': u'http://www.facebook.com/profile.php?id=100000936737829'}, u'_id': ObjectId('50c2a3cc2218dc3ab99be221'), u'name': u'Big Texan Brewery The Big Texan Steak Ranch'}
152811468108660
131855603494793
206353649394799
URL Error on graph lookup: {u'sources': {u'twitter': u'http://twitter.com/bjsrestaurants', u'facebook': u'http://www.facebook.com/2008/fbml'}, u'_id': ObjectId('50c2a5332218dc3ab99be23b'), u'name': u"BJ's Pizza, Grill, and Brewery - Laguna Beach"}
URL Error on graph lookup: {u'sources': {u'twitter': u'http://twitter.com/bjsrestaurants', u'facebook': u'http://www.facebook.com/2008/fbml'}, u'_id': ObjectId('50c2a5332218dc3ab99be23a'), u'name': u"BJ's Pizza, Grill, and Brewery - Jantzen Beach"}
URL Error on graph lookup: {u'sources': {u'twitter': None, u'facebook': u'http://www.facebook.com/2008/fbml'}, u'_id': ObjectId('50c2a5332218dc3ab99be236'), u'name': u'Bitter Creek Brewery'}
URL Error on graph lookup: {u'sources': {u'twitter': u'http://twitter.com/bjsrestaurants', u'facebook': u'http://www.facebook.com/2008/fbml'}, u'_id': ObjectId('50c2a5332218dc3ab99be23d'), u'name': u"BJ's Pizza, Grill, and Brewery \u2014 Eugene"}
URL Error on graph lookup: {u'sources': {u'twitter': u'http://twitter.com/bjsrestaurants', u'facebook': u'http://www.facebook.com/2008/fbml'}, u'_id': ObjectId('50c2a5332218dc3ab99be23c'), u'name': u"BJ's Pizza, Grill, and Brewery - Reno"}
URL Error on graph lookup: {u'sources': {u'twitter': u'http://twitter.com/bjsrestaurants', u'facebook': u'http://www.facebook.com/2008/fbml'}, u'_id': ObjectId('50c2a5332218dc3ab99be23f'), u'name': u"BJ's Restaurant & Brewery \u2014 Chandler"}
URL Error on graph lookup: {u'sources': {u'twitter': u'http://twitter.com/bjsrestaurants', u'facebook': u'http://www.facebook.com/2008/fbml'}, u'_id': ObjectId('50c2a5332218dc3ab99be240'), u'name': u"BJ's Restaurant & Brewery \u2014 Southcenter"}
URL Error on graph lookup: {u'sources': {u'twitter': u'http://twitter.com/bjsrestaurants', u'facebook': u'http://www.facebook.com/2008/fbml'}, u'_id': ObjectId('50c2a5332218dc3ab99be241'), u'name': u"BJ's Restaurant & Brewhouse"}
URL Error on graph lookup: {u'sources': {u'twitter': u'http://twitter.com/bjsrestaurants', u'facebook': u'http://www.facebook.com/2008/fbml'}, u'_id': ObjectId('50c2a5332218dc3ab99be242'), u'name': u"BJ's Restaurant & Brewhouse"}
URL Error on graph lookup: {u'sources': {u'twitter': u'http://twitter.com/bjsrestaurants', u'facebook': u'http://www.facebook.com/2008/fbml'}, u'_id': ObjectId('50c2a5332218dc3ab99be244'), u'name': u"BJ's Restaurant & Brewhouse \u2014 Huntington Beach"}
URL Error on graph lookup: {u'sources': {u'twitter': u'http://twitter.com/bjsrestaurants', u'facebook': u'http://www.facebook.com/2008/fbml'}, u'_id': ObjectId('50c2a5332218dc3ab99be246'), u'name': u"BJ's Restaurant and Brewery - Laguna Hills"}
URL Error on graph lookup: {u'sources': {u'twitter': u'http://twitter.com/bjsrestaurants', u'facebook': u'http://www.facebook.com/2008/fbml'}, u'_id': ObjectId('50c2a5332218dc3ab99be247'), u'name': u"BJ's Restaurant and Brewery - Roseville"}
URL Error on graph lookup: {u'sources': {u'twitter': u'http://twitter.com/bjsrestaurants', u'facebook': u'http://www.facebook.com/2008/fbml'}, u'_id': ObjectId('50c2a5332218dc3ab99be249'), u'name': u"BJ's Restaurant and Brewery - Vacaville"}
URL Error on graph lookup: {u'sources': {u'twitter': u'http://twitter.com/bjsrestaurants', u'facebook': u'http://www.facebook.com/2008/fbml'}, u'_id': ObjectId('50c2a5332218dc3ab99be24b'), u'name': u"BJ's Restaurant and Brewery - West Covina"}
URL Error on graph lookup: {u'sources': {u'twitter': u'http://twitter.com/bjsrestaurants', u'facebook': u'http://www.facebook.com/2008/fbml'}, u'_id': ObjectId('50c2a5332218dc3ab99be248'), u'name': u"BJ's Restaurant and Brewery - San Bruno"}
URL Error on graph lookup: {u'sources': {u'twitter': u'http://twitter.com/bjsrestaurants', u'facebook': u'http://www.facebook.com/2008/fbml'}, u'_id': ObjectId('50c2a5332218dc3ab99be24c'), u'name': u"BJ's Restaurant and Brewery - Woodland Hills"}
URL Error on graph lookup: {u'sources': {u'twitter': u'http://twitter.com/bjsrestaurants', u'facebook': u'http://www.facebook.com/2008/fbml'}, u'_id': ObjectId('50c2a5332218dc3ab99be24d'), u'name': u"BJ's Restaurant and Brewery \u2014 Boulder"}
URL Error on graph lookup: {u'sources': {u'twitter': u'http://twitter.com/bjsrestaurants', u'facebook': u'http://www.facebook.com/2008/fbml'}, u'_id': ObjectId('50c2a5332218dc3ab99be24f'), u'name': u"BJ's Restaurant and Brewery \u2014 Brea"}
URL Error on graph lookup: {u'sources': {u'twitter': u'http://twitter.com/bjsrestaurants', u'facebook': u'http://www.facebook.com/2008/fbml'}, u'_id': ObjectId('50c2a5332218dc3ab99be250'), u'name': u"BJ's Restaurant and Brewery \u2014 Oxnard"}
URL Error on graph lookup: {u'sources': {u'twitter': u'http://twitter.com/bjsrestaurants', u'facebook': u'http://www.facebook.com/2008/fbml'}, u'_id': ObjectId('50c2a5332218dc3ab99be251'), u'name': u"BJ's Restaurant Brewery"}
URL Error on graph lookup: {u'sources': {u'twitter': None, u'facebook': u'https://www.facebook.com/media/set'}, u'_id': ObjectId('50c2a6122218dc3ab99be264'), u'name': u'Black Horse Pub and Brewery #1 Franklin Street Pub Corporation'}
326186471775
204511361563
128793741781

140874822620688
150969968270613
URL Error on graph lookup: {u'sources': {u'twitter': u'http://twitter.com/@bdbrewingco', u'facebook': u'http://www.facebook.com/share'}, u'_id': ObjectId('50c2a5332218dc3ab99be25c'), u'name': u'Black Diamond Brewing'}
143160852427528
150969968270613
URL Error on graph lookup: {u'sources': {u'twitter': u'http://twitter.com/share', u'facebook': u'http://www.facebook.com/plugins/like'}, u'_id': ObjectId('50c2a6db2218dc3ab99be29a'), u'name': u'Blue Blood Brewing Company'}
68392797540
URL Error on graph lookup: {u'sources': {u'twitter': u'twitter.com/bluecorncafe', u'facebook': u'http://www.facebook.com/2008/fbml'}, u'_id': ObjectId('50c2a6db2218dc3ab99be29f'), u'name': u'Blue Corn Caf\xe9 and Brewery \u2014 South Side'}
213373895406736
Black-Fox-Brewing-Co
136744246352063
351578885845
20948638532
76210075738
20948638532
446893545325781
7988714301
URL Error on graph lookup: {u'sources': {u'twitter': None, u'facebook': u'http://www.facebook.com/boathouse'}, u'_id': ObjectId('50c2a7be2218dc3ab99be2c8'), u'name': u'Boathouse Brewpub & Restaurant'}
154871862327
URL Error on graph lookup: {u'sources': {u'twitter': None, u'facebook': u'http://www.facebook.com/2008/fbml'}, u'_id': ObjectId('50c2a6db2218dc3ab99be2bd'), u'name': u'Bluegrass Brewing Co.'}
URL Error on graph lookup: {u'sources': {u'twitter': None, u'facebook': u'http://www.facebook.com/2008/fbml'}, u'_id': ObjectId('50c2a6db2218dc3ab99be2be'), u'name': u'Bluegrass Brewing Company, Inc.'}
162031503612
124944130863121
87152519417
310117414765
URL Error on graph lookup: {u'sources': {u'twitter': u'http://twitter.com/bjsrestaurants', u'facebook': u'http://www.facebook.com/2008/fbml'}, u'_id': ObjectId('50c2a5332218dc3ab99be245'), u'name': u"BJ's Restaurant and Brewery"}
260143625128
260143625128
260143625128
37004902662
188595343047
101360203238767
URL Error on graph lookup: {u'sources': {u'twitter': u'http://twitter.com/BLakesBeer', u'facebook': u'http://www.facebook.com/home'}, u'_id': ObjectId('50c2a9242218dc3ab99be315'), u'name': u'Brainerd Lakes Beer'}
64591012251
URL Error on graph lookup: {u'sources': {u'twitter': u'http://twitter.com/#!/bradysbrewhouse', u'facebook': u'http://www.facebook.com/home'}, u'_id': ObjectId('50c2a9242218dc3ab99be314'), u'name': u"Brady's Brewhouse"}
unknown url type: graph.facebook.com/plugins/likebox?access_token=AAAHOssyebnMBAEOOteXKBWHuwefgm766XiiBW1mO8woj2oVEgQ5aEZAkyAlvJoef4exmkqVZB498ifZAZBTBZB7xVrZBso3tMOdMBSE6B4MwZDZD
Breakwater-Brewing-Company
No JSON object could be decoded
161195763991867
85954524819
215590395135468
222537634479062
216098705152808
URL Error on graph lookup: {u'sources': {u'twitter': u'http://twitter.com/eastlakebrew', u'facebook': u'http://www.facebook.com/brewhouseeastlake'}, u'_id': ObjectId('50c2a9eb2218dc3ab99be345'), u'name': u'Brew House at EastLake'}
254242136246
1840257250
URL Error on graph lookup: {u'sources': {u'twitter': u'http://twitter.com/brewersart', u'facebook': u'http://www.facebook.com/home'}, u'_id': ObjectId('50c2aaba2218dc3ab99be35d'), u'name': u"Brewer's Art Old Line Brewers LLC"}
40270608639
124627590919125
URL Error on graph lookup: {u'sources': {u'twitter': u'http://twitter.com/boulevard_beer', u'facebook': u'http://www.facebook.com/2008/fbml'}, u'_id': ObjectId('50c2a9242218dc3ab99be306'), u'name': u'Boulevard Brewing Company'}
110490292389216
140455735251
BrickHouse-Brewery
102952426481151
Brewery-Vivant
10150153209775183
URL Error on graph lookup: {u'sources': {u'twitter': u'http://twitter.com/brewschool', u'facebook': u'http://www.facebook.com/people/Brigadoon-Brewery'}, u'_id': ObjectId('50c2ac072218dc3ab99be399'), u'name': u'Brigadoon Brewery & Brew School'}
31651662505
unknown url type: graph.facebook.com/plugins/likebox?access_token=AAAHOssyebnMBAEOOteXKBWHuwefgm766XiiBW1mO8woj2oVEgQ5aEZAkyAlvJoef4exmkqVZB498ifZAZBTBZB7xVrZBso3tMOdMBSE6B4MwZDZD
74275971382
126696374014765
126696374014765
65218207237
139019473547
194292703945135
60309724910
272186899522215
161534227237797
URL Error on graph lookup: {u'sources': {u'twitter': u'http://twitter.com/bandbmanbeer', u'facebook': u'http://www.facebook.com/group'}, u'_id': ObjectId('50c2acfe2218dc3ab99be3dc'), u'name': u'Bull & Bush Pub & Brewery'}
111545792210084
Bull-Bones-Brewhaus-Grill
269292390128
120470921059
143765235649430
URL Error on graph lookup: {u'sources': {u'twitter': u'http://twitter.com/#!/CBandPotts', u'facebook': u'http://www.facebook.com/plugins/like'}, u'_id': ObjectId('50c2add12218dc3ab99be3fe'), u'name': u'C.B. & Potts of Broomfield (RAM International)'}
URL Error on graph lookup: {u'sources': {u'twitter': u'http://twitter.com/#!/theRAM', u'facebook': u'http://www.facebook.com/plugins/like'}, u'_id': ObjectId('50c2add12218dc3ab99be400'), u'name': u'C.B. & Potts of Englewood (RAM International)'}
URL Error on graph lookup: {u'sources': {u'twitter': u'http://twitter.com/#!/theRAM', u'facebook': u'http://www.facebook.com/plugins/like'}, u'_id': ObjectId('50c2add12218dc3ab99be401'), u'name': u'C.B. & Potts of Fort Collins (RAM International)'}
URL Error on graph lookup: {u'sources': {u'twitter': u'http://twitter.com/#!/CBandPotts', u'facebook': u'http://www.facebook.com/plugins/like'}, u'_id': ObjectId('50c2add12218dc3ab99be402'), u'name': u'C.B. & Potts of Highlands Ranch (RAM International)'}
243369559046495
121414977872958
URL Error on graph lookup: {u'sources': {u'twitter': u'http://twitter.com/#!/theRAM', u'facebook': u'http://www.facebook.com/plugins/like'}, u'_id': ObjectId('50c2add12218dc3ab99be403'), u'name': u'C.B. & Potts of Westminster (RAM International)'}
325583647518398
116106775166830
45120837507
122725851094407
156633157725414
98806885094
1624210124
Carolina-Brewery
Carolina-Brewery
85430524453
304822702888505
120512961406487
URL Error on graph lookup: {u'sources': {u'twitter': u'https://twitter.com/bruggebrasserie', u'facebook': u'http://www.facebook.com/brugge'}, u'_id': ObjectId('50c2ac072218dc3ab99be3bd'), u'name': u'Brugge Beer Brugge Brasserie'}
Raccoon-Lodge-Brewpub
106393626067978
148297035269057
157659711009
148297035269057
URL Error on graph lookup: {u'sources': {u'twitter': u'http://twitter.com/carverbrewing', u'facebook': u'http://www.facebook.com/people/Carver-Brewing'}, u'_id': ObjectId('50c2aedb2218dc3ab99be44b'), u'name': u'Carver Brewing Co.'}
287815797244
URL Error on graph lookup: {u'sources': {u'twitter': u'twitter.com/cautionbrewing', u'facebook': u'http://www.facebook.com/plugins/like'}, u'_id': ObjectId('50c2afcc2218dc3ab99be463'), u'name': u'Caution: Brewing Company'}
109107135840904
URL Error on graph lookup: {u'sources': {u'twitter': None, u'facebook': u'http://www.facebook.com/home'}, u'_id': ObjectId('50c2afcc2218dc3ab99be464'), u'name': u'Cavalry Brewing'}
185722678106171
Central-Waters-Brewing-Company
URL Error on graph lookup: {u'sources': {u'twitter': u'twitter.com/ChamaRiverBrew', u'facebook': u'http://www.facebook.com/profile.php?id=98015776566'}, u'_id': ObjectId('50c2afcc2218dc3ab99be479'), u'name': u'Chama River Brewing'}
290189549873
169692660051
167241589987116
Charleville-Vineyard-Microbrewery
214253655345934
55691791868
unknown url type: graph.facebook.com/plugins/likebox?access_token=AAAHOssyebnMBAEOOteXKBWHuwefgm766XiiBW1mO8woj2oVEgQ5aEZAkyAlvJoef4exmkqVZB498ifZAZBTBZB7xVrZBso3tMOdMBSE6B4MwZDZD
197318420317519
250849644990146
114396458595907
134861446534117
56793084619
URL Error on graph lookup: {u'sources': {u'twitter': u'http://twitter.com/ChuckanutBeer', u'facebook': u'http://www.facebook.com/home'}, u'_id': ObjectId('50c2b14a2218dc3ab99be4ab'), u'name': u'Chuckanut Brewery & Kitchen'}
200038243349595
URL Error on graph lookup: {u'sources': {u'twitter': u'twitter.com/claytonbrewing', u'facebook': u'http://www.facebook.com/claytonbrewingco'}, u'_id': ObjectId('50c2b2af2218dc3ab99be4cd'), u'name': u'Clayton Brewing'}
242276852484467
238590389534854
51049641821
223437013045
100000866653230
URL Error on graph lookup: {u'sources': {u'twitter': u'http://twitter.com/#!/cocoabeachbrew', u'facebook': u'http://www.facebook.com/photo'}, u'_id': ObjectId('50c2b2af2218dc3ab99be4e9'), u'name': u'Cocoa Beach Brewing'}
URL Error on graph lookup: {u'sources': {u'twitter': u'http://twitter.com/#!/heavyseasbeer', u'facebook': u'http://www.facebook.com/2008/fbml'}, u'_id': ObjectId('50c2b2af2218dc3ab99be4d7'), u'name': u'Clipper City Brewing Co. Heavy Seas Beer'}
URL Error on graph lookup: {u'sources': {u'twitter': None, u'facebook': u'http://www.facebook.com/plugins/like'}, u'_id': ObjectId('50c2b2af2218dc3ab99be4e3'), u'name': u'Coastal Extreme Brewing Newport Storm Beer'}
Colorado-Mountain-Brewery
202946135260
124445514248646
292117497514780
112367885519078
148709469322
unknown url type: graph.facebook.com/plugins/likebox?access_token=AAAHOssyebnMBAEOOteXKBWHuwefgm766XiiBW1mO8woj2oVEgQ5aEZAkyAlvJoef4exmkqVZB498ifZAZBTBZB7xVrZBso3tMOdMBSE6B4MwZDZD
353979051301402
110680165688642
URL Error on graph lookup: {u'sources': {u'twitter': None, u'facebook': u'http://www.facebook.com/plugins/likebox'}, u'_id': ObjectId('50c2b4a92218dc3ab99be543'), u'name': u"Crabby Larry's Brewpub Steak & Crab House"}
213432356995
173082785978
Court-Avenue-Restaurant-Brewing-Company
URL Error on graph lookup: {u'sources': {u'twitter': None, u'facebook': u'http://www.facebook.com/plugins/like'}, u'_id': ObjectId('50c2b6282218dc3ab99be555'), u'name': u'Crescent City Brewhouse'}
236020726413104
271572677939
Crown-Brewing-LLC
262703277150634
115432685183200
373653759464
168769606513332
URL Error on graph lookup: {u'sources': {u'twitter': u'https://twitter.com/#!/gearybrewing', u'facebook': u'http://www.facebook.com/profile.php?id=100000565276138'}, u'_id': ObjectId('50c2b6282218dc3ab99be576'), u'name': u'D.L. Geary Brewing'}
URL Error on graph lookup: {u'sources': {u'twitter': None, u'facebook': u'http://www.facebook.com/2008/fbml'}, u'_id': ObjectId('50c2b7712218dc3ab99be584'), u'name': u'Dark Horse Brewing'}
Davidson-Brothers-Restaurant-Brewery
106675589374124
URL Error on graph lookup: {u'sources': {u'twitter': u'twitter.com/dcbrau', u'facebook': u'http://www.facebook.com/home'}, u'_id': ObjectId('50c2b7712218dc3ab99be592'), u'name': u'DC Brau Brewing Company'}
URL Error on graph lookup: {u'sources': {u'twitter': None, u'facebook': u'http://www.facebook.com/profile.php?id=100001446587582'}, u'_id': ObjectId('50c2b7712218dc3ab99be593'), u'name': u"De La Vega's Pecan Grill & Brewery"}
126953724008171
Crow-Peak-Brewing-Company
206325067654
218568784918590
URL Error on graph lookup: {u'sources': {u'twitter': None, u'facebook': u'http://www.facebook.com/home'}, u'_id': ObjectId('50c2b7712218dc3ab99be5b0'), u'name': u'Depot Deli and Lounge'}
162768717121739
172134696162075
264109506948646
118978030069
No JSON object could be decoded
URL Error on graph lookup: {u'sources': {u'twitter': u'http://twitter.com/dogfishbeer', u'facebook': u'http://www.facebook.com/home'}, u'_id': ObjectId('50c2b9ac2218dc3ab99be5ea'), u'name': u'Dogfish Head Brewings and Eats'}
URL Error on graph lookup: {u'sources': {u'twitter': u'http://twitter.com/dogfishbeer', u'facebook': u'http://www.facebook.com/home'}, u'_id': ObjectId('50c2b9ac2218dc3ab99be5eb'), u'name': u'Dogfish Head Craft Brewery'}
URL Error on graph lookup: {u'sources': {u'twitter': u'twitter.com/dockstreetbeer', u'facebook': u'http://www.facebook.com/DockStreetBeer'}, u'_id': ObjectId('50c2b87b2218dc3ab99be5e2'), u'name': u'Dock Street Brewery'}
URL Error on graph lookup: {u'sources': {u'twitter': None, u'facebook': u'http://www.facebook.com/2008/fbml'}, u'_id': ObjectId('50c2b87b2218dc3ab99be5c0'), u'name': u"Devil's Canyon Brewing Company"}
193666467349061
131775783937
104636439586827
112245624831
136833181819
unknown url type: facebook.com/js/api_lib?access_token=AAAHOssyebnMBAEOOteXKBWHuwefgm766XiiBW1mO8woj2oVEgQ5aEZAkyAlvJoef4exmkqVZB498ifZAZBTBZB7xVrZBso3tMOdMBSE6B4MwZDZD
212034102167650
53830103585
153882558078633
140630732666962
unknown url type: graph.facebook.com/plugins/likebox?access_token=AAAHOssyebnMBAEOOteXKBWHuwefgm766XiiBW1mO8woj2oVEgQ5aEZAkyAlvJoef4exmkqVZB498ifZAZBTBZB7xVrZBso3tMOdMBSE6B4MwZDZD
103024023106446
111375132289269
108830712488208
unknown url type: graph.facebook.com/plugins/like?access_token=AAAHOssyebnMBAEOOteXKBWHuwefgm766XiiBW1mO8woj2oVEgQ5aEZAkyAlvJoef4exmkqVZB498ifZAZBTBZB7xVrZBso3tMOdMBSE6B4MwZDZD
131655893533509
URL Error on graph lookup: {u'sources': {u'twitter': None, u'facebook': u'http://www.facebook.com/home'}, u'_id': ObjectId('50c2bb442218dc3ab99be63a'), u'name': u'Earth Bread + Brewery'}
128713067173452
unknown url type: graph.facebook.com/plugins/like?access_token=AAAHOssyebnMBAEOOteXKBWHuwefgm766XiiBW1mO8woj2oVEgQ5aEZAkyAlvJoef4exmkqVZB498ifZAZBTBZB7xVrZBso3tMOdMBSE6B4MwZDZD
unknown url type: graph.facebook.com/plugins/like?access_token=AAAHOssyebnMBAEOOteXKBWHuwefgm766XiiBW1mO8woj2oVEgQ5aEZAkyAlvJoef4exmkqVZB498ifZAZBTBZB7xVrZBso3tMOdMBSE6B4MwZDZD
URL Error on graph lookup: {u'sources': {u'twitter': u'http://twitter.com/#!/eddiemcstiffs', u'facebook': u'http://www.facebook.com/people/Eddie-McStiffs'}, u'_id': ObjectId('50c2bb442218dc3ab99be648'), u'name': u"Eddie McStiff's Brewpub"}
139665352742459
132216670180396
224545254285042
Elevator-Brewing-Company
262026891611
104174856343703
144194340905
170759002939033
No JSON object could be decoded
No JSON object could be decoded
No JSON object could be decoded
43579771415
173738790014
130645593756770
URL Error on graph lookup: {u'sources': {u'twitter': u'http://twitter.com/MoreBeerPlz', u'facebook': u'http://www.facebook.com/people/Elliott-Bay'}, u'_id': ObjectId('50c2bc4d2218dc3ab99be671'), u'name': u'Elliott Bay Brewery and Pub'}
URL Error on graph lookup: {u'sources': {u'twitter': None, u'facebook': u'http://www.facebook.com/plugins/likebox'}, u'_id': ObjectId('50c2bd442218dc3ab99be68f'), u'name': u'Enegren Brewing'}
376304375739934
URL Error on graph lookup: {u'sources': {u'twitter': u'http://twitter.com/MoreBeerPlz', u'facebook': u'http://www.facebook.com/people/Elliott-Bay'}, u'_id': ObjectId('50c2bc4d2218dc3ab99be672'), u'name': u'Elliott Bay Brewhouse & Pub'}
250849644990146
unknown url type: graph.facebook.com/plugins/like?access_token=AAAHOssyebnMBAEOOteXKBWHuwefgm766XiiBW1mO8woj2oVEgQ5aEZAkyAlvJoef4exmkqVZB498ifZAZBTBZB7xVrZBso3tMOdMBSE6B4MwZDZD
URL Error on graph lookup: {u'sources': {u'twitter': u'http://twitter.com/MoreBeerPlz', u'facebook': u'http://www.facebook.com/people/Elliott-Bay'}, u'_id': ObjectId('50c2bc4d2218dc3ab99be673'), u'name': u'Elliott Bay Public House & Brewery'}
152970793047
151790678251578
Epic-Brewing-Company
207048739375803
227064184081062
FANNO-CREEK-BREW-PUB
Faultline-Brewing-Company
URL Error on graph lookup: {u'sources': {u'twitter': None, u'facebook': u'http://www.facebook.com/FWBLounge'}, u'_id': ObjectId('50c2bf212218dc3ab99be6d7'), u'name': u'Fenton Winery & Brewery'}
Feather-Falls-Casino-Lodge
217318561630730
563833124
unknown url type: facebook.com/js/api_lib?access_token=AAAHOssyebnMBAEOOteXKBWHuwefgm766XiiBW1mO8woj2oVEgQ5aEZAkyAlvJoef4exmkqVZB498ifZAZBTBZB7xVrZBso3tMOdMBSE6B4MwZDZD
147307451959439
276398894680
URL Error on graph lookup: {u'sources': {u'twitter': None, u'facebook': u'http://www.facebook.com/plugins/like'}, u'_id': ObjectId('50c2c0222218dc3ab99be6f8'), u'name': u'Firestone Walker Brewing Co.'}
50265249475
152040331527610
40409181284
The-Flying-Barrel
127942623932437
No JSON object could be decoded
1321822794
27393329923
113606888666129
Four-Friends-Brewing
201495279890460
209338762433979
158804470797904
108780209962
196769859879
193461149413
298780353494624
41155318809
URL Error on graph lookup: {u'sources': {u'twitter': u'https://twitter.com/FullSailBrewing', u'facebook': u'http://www.facebook.com/photo'}, u'_id': ObjectId('50c2c33d2218dc3ab99be77f'), u'name': u'Full Sail Brewing WhiteCap Brewpub'}
URL Error on graph lookup: {u'sources': {u'twitter': None, u'facebook': u'http://www.facebook.com/home'}, u'_id': ObjectId('50c2c33d2218dc3ab99be796'), u'name': u"Gallaghers' Where U Brew (BOP)"}
URL Error on graph lookup: {u'sources': {u'twitter': u'https://twitter.com/FullSailBrewing', u'facebook': u'http://www.facebook.com/photo'}, u'_id': ObjectId('50c2c33d2218dc3ab99be780'), u'name': u'Full Sail Brewing \u2014 Portland Pilsner Room at Riverplace'}
URL Error on graph lookup: {u'sources': {u'twitter': None, u'facebook': u'http://www.facebook.com/2008/fbml'}, u'_id': ObjectId('50c2c33d2218dc3ab99be799'), u'name': u'Gamble Mill Brewing'}
No JSON object could be decoded
URL Error on graph lookup: {u'sources': {u'twitter': None, u'facebook': u'http://www.facebook.com/home'}, u'_id': ObjectId('50c2c33d2218dc3ab99be7a5'), u'name': u"Gella's Diner & LB Brewing Company"}
Gaslight-Brewery
290256497665919
19221622538
139520890193
Glacier-BrewHouse
206865365686
223277144399559
177338955654657
39273844987
307965537564
122502571180794
58264581513
86552939404
86552939404
86552939404
86552939404
86552939404
Grand-Lake-Brewing-Company
86552939404
124782856154
86552939404
86552939404
86552939404
86552939404
86552939404
86552939404
86552939404
86552939404
86552939404
86552939404
86552939404
86552939404
86552939404
86552939404
86552939404
86552939404
86552939404
86552939404
URL Error on graph lookup: {u'sources': {u'twitter': None, u'facebook': u'http://www.facebook.com/media/set'}, u'_id': ObjectId('50c2c7b42218dc3ab99be830'), u'name': u'Granite Mountain Brewing'}
180132958683494
245931535429981
unknown url type: facebook.com/js/api_lib?access_token=AAAHOssyebnMBAEOOteXKBWHuwefgm766XiiBW1mO8woj2oVEgQ5aEZAkyAlvJoef4exmkqVZB498ifZAZBTBZB7xVrZBso3tMOdMBSE6B4MwZDZD
46552302918
114033046024
URL Error on graph lookup: {u'sources': {u'twitter': u'http://twitter.com/greenflashbeer', u'facebook': u'http://www.facebook.com/posted'}, u'_id': ObjectId('50c363b02218dc3ed7d1eade'), u'name': u'Green Flash Brewing Company'}
No JSON object could be decoded
161299953908156
112295915488685
118383383920
124103024305393
228357053846963
Grimm-Brothers-Brewhouse
192769434097904
171001369611218
351468501567362
URL Error on graph lookup: {u'sources': {u'twitter': u'http://twitter.com/hairofthedog', u'facebook': u'http://www.facebook.com/groups/57914798427'}, u'_id': ObjectId('50c364df2218dc3ed7d1eb07'), u'name': u'Hair of the Dog Brewing'}
URL Error on graph lookup: {u'sources': {u'twitter': u'http://twitter.com/HalesAlehouse', u'facebook': u'http://www.facebook.com/photo'}, u'_id': ObjectId('50c364df2218dc3ed7d1eb0c'), u'name': u"Hale's Alehouse"}
228357053846963
URL Error on graph lookup: {u'sources': {u'twitter': u'twitter.com/hangar24brewery', u'facebook': u'http://www.facebook.com/home'}, u'_id': ObjectId('50c364df2218dc3ed7d1eb1e'), u'name': u'Hangar 24 Brewery'}
228357053846963
209634579070734
68771224360
URL Error on graph lookup: {u'sources': {u'twitter': None, u'facebook': u'http://www.facebook.com/'}, u'_id': ObjectId('50c364df2218dc3ed7d1eb20'), u'name': u'Hank Is Wiser Brewery'}
URL Error on graph lookup: {u'sources': {u'twitter': u'http://twitter.com/hardywood', u'facebook': u'http://www.facebook.com/plugins/likebox'}, u'_id': ObjectId('50c366102218dc3ed7d1eb2b'), u'name': u'Hardywood Park Craft Brewery'}
URL Error on graph lookup: {u'sources': {u'twitter': u'http://twitter.com/HarpersMSU', u'facebook': u'http://www.facebook.com/home'}, u'_id': ObjectId('50c366102218dc3ed7d1eb31'), u'name': u"Harper's Restaurant and Brewpub"}
7114187230
7114187230
105573330008
URL Error on graph lookup: {u'sources': {u'twitter': None, u'facebook': u'http://www.facebook.com/widgets/like'}, u'_id': ObjectId('50c366102218dc3ed7d1eb2e'), u'name': u'Harmon Tap Room'}
unknown url type: graph.facebook.com/plugins/likebox?access_token=AAAHOssyebnMBAEOOteXKBWHuwefgm766XiiBW1mO8woj2oVEgQ5aEZAkyAlvJoef4exmkqVZB498ifZAZBTBZB7xVrZBso3tMOdMBSE6B4MwZDZD
URL Error on graph lookup: {u'sources': {u'twitter': None, u'facebook': u'http://www.facebook.com/plugins/likebox'}, u'_id': ObjectId('50c366102218dc3ed7d1eb3b'), u'name': u'Harvester Brewing'}
Heinzelmannchen-Brewery
127418277290890
110426049698
183762711654352
unknown url type: facebook.com/js/api_lib?access_token=AAAHOssyebnMBAEOOteXKBWHuwefgm766XiiBW1mO8woj2oVEgQ5aEZAkyAlvJoef4exmkqVZB498ifZAZBTBZB7xVrZBso3tMOdMBSE6B4MwZDZD
High-Noon-Saloon-and-Brewery
116894385012486
unknown url type: graph.facebook.com/plugins/like?access_token=AAAHOssyebnMBAEOOteXKBWHuwefgm766XiiBW1mO8woj2oVEgQ5aEZAkyAlvJoef4exmkqVZB498ifZAZBTBZB7xVrZBso3tMOdMBSE6B4MwZDZD
248748838246
106912516095795
42231354758
Hog-Haus-Brewing-Company
279972722631
117708384978343
URL Error on graph lookup: {u'sources': {u'twitter': u'http://twitter.com/#!/highlandbrews', u'facebook': u'https://www.facebook.com/2008/fbml'}, u'_id': ObjectId('50c369852218dc3ed7d1eb8d'), u'name': u'Highland Brewing'}
1213057646
199881066742808
149087238452932
212796235504037
Hoppy-Brewing-Company
614784114
275279552576012
155050367839222
160000590748804
90211745899
90211745899
90211745899
133446230657
134009959960661
90211745899
1624210124
URL Error on graph lookup: {u'sources': {u'twitter': u'http://twitter.com/hoppinfrog', u'facebook': u'http://www.facebook.com/twitter'}, u'_id': ObjectId('50c36a9c2218dc3ed7d1ebc8'), u'name': u"Hoppin' Frog Brewery"}
90211745899
130721990337328
URL Error on graph lookup: {u'sources': {u'twitter': u'http://twitter.com/#!/IandIBrewing', u'facebook': u'http://www.facebook.com/2008/fbml'}, u'_id': ObjectId('50c36dd22218dc3ed7d1ec4f'), u'name': u'I & I Brewing'}
118564684830407
URL Error on graph lookup: {u'sources': {u'twitter': None, u'facebook': u'http://www.facebook.com/'}, u'_id': ObjectId('50c36f342218dc3ed7d1ec6e'), u'name': u'Inlet Brewing'}
50071072218
61721228918
153518228020148
50071072218
50071072218
URL Error on graph lookup: {u'sources': {u'twitter': u'http://twitter.com/#!/indybrewing', u'facebook': u'http://www.facebook.com/2008/fbml'}, u'_id': ObjectId('50c36f342218dc3ed7d1ec63'), u'name': u'Independence Brewing'}
50071072218
50071072218
50071072218
50071072218
50071072218
50071072218
URL Error on graph lookup: {u'sources': {u'twitter': None, u'facebook': u'http://www.facebook.com/events/169408939867266'}, u'_id': ObjectId('50c36f342218dc3ed7d1ec75'), u'name': u'Intuition Ale Works'}
URL Error on graph lookup: {u'sources': {u'twitter': u'http://twitter.com/#!/indeedbrewing', u'facebook': u'http://www.facebook.com/2008/fbml'}, u'_id': ObjectId('50c36f342218dc3ed7d1ec61'), u'name': u'Indeed Brewing'}
223184031040895
URL Error on graph lookup: {u'sources': {u'twitter': u'http://twitter.com/islandbrewingco', u'facebook': u'http://www.facebook.com/home'}, u'_id': ObjectId('50c370762218dc3ed7d1ec8e'), u'name': u'Island Brewing Company'}
125311757545642
376206753832
207778690856
URL Error on graph lookup: {u'sources': {u'twitter': None, u'facebook': u'http://www.facebook.com/2008/fbml'}, u'_id': ObjectId('50c370762218dc3ed7d1eca9'), u'name': u'Jalopys Grillville and Micro Brewery'}
98695894945
URL Error on graph lookup: {u'sources': {u'twitter': u'http://twitter.com/jalehousebeer', u'facebook': u'http://www.facebook.com/photos'}, u'_id': ObjectId('50c370762218dc3ed7d1eca8'), u'name': u'Jalehouse Beers'}
URL Error on graph lookup: {u'sources': {u'twitter': u'http://twitter.com/JJBittings', u'facebook': u'http://www.facebook.com/home'}, u'_id': ObjectId('50c372262218dc3ed7d1ecc2'), u'name': u'JJ Bitting Brewing'}
URL Error on graph lookup: {u'sources': {u'twitter': None, u'facebook': u'http://www.facebook.com/plugins/like'}, u'_id': ObjectId('50c372262218dc3ed7d1eccb'), u'name': u"Johansson's Dining House & Microbrewery Down Under Sports Bar & Grill"}
133255886749866
100001121810490
URL Error on graph lookup: {u'sources': {u'twitter': u'http://twitter.com/Foxbrews', u'facebook': u'http://www.facebook.com/home'}, u'_id': ObjectId('50c372f22218dc3ed7d1ece9'), u'name': u'Joseph James Brewing'}
Cafe-Karibo-and-the-Karibrew
124349183648
169655293061983
142025660844
142025660844
142025660844
268397425044
142025660844
142025660844
142025660844
142025660844
343623345660830
60937093592
201115569929324
201892989846962
Keegan-Ales
332092754207
139142646137598
302579683103642
70906138500
Ladyface-Alehouse-Brasserie
114462868651493
262081217850
URL Error on graph lookup: {u'sources': {u'twitter': u'http://twitter.com/Brewho', u'facebook': u'http://www.facebook.com/plugins/likebox'}, u'_id': ObjectId('50c376732218dc3ed7d1ed57'), u'name': u'La Jolla Brew House'}
135329712361
48199452458
48199452458
101150649986
Lancaster-Brewing-Company-Harrisburg
URL Error on graph lookup: {u'sources': {u'twitter': u'http://twitter.com/lancasterbrew', u'facebook': u'http://www.facebook.com/profile.php?id=100000958577732'}, u'_id': ObjectId('50c376732218dc3ed7d1ed7b'), u'name': u'Lancaster Brewing'}
114615475238069
154973574539064
URL Error on graph lookup: {u'sources': {u'twitter': None, u'facebook': u'http://www.facebook.com/plugins/like'}, u'_id': ObjectId('50c376732218dc3ed7d1ed62'), u'name': u'Lager Heads Smokehouse and Brewing Co.'}
Laughing-Dog-Brewing
173480326028069
262081217850
Leech-Lake-Brewing-Company
131454676891443
153631326207
73021944076
1385951653
277718535578602
62417806762
240839972680
180651118683931
Liberty-Steak-House-Myrtle-Beach
188535614492258
URL Error on graph lookup: {u'sources': {u'twitter': u'http://twitter.com/lazymagnolia', u'facebook': u'http://www.facebook.com/'}, u'_id': ObjectId('50c3779c2218dc3ed7d1ed99'), u'name': u'Lazy Magnolia Brewing'}
166734997292
198158040221835
URL Error on graph lookup: {u'sources': {u'twitter': u'twitter.com/LindenStBrew', u'facebook': u'http://www.facebook.com/group'}, u'_id': ObjectId('50c379862218dc3ed7d1edcf'), u'name': u'Linden Street Brewery'}
202314446469714
56864687172
URL Error on graph lookup: {u'sources': {u'twitter': None, u'facebook': u'http://www.facebook.com/group'}, u'_id': ObjectId('50c37b0e2218dc3ed7d1ede5'), u'name': u'Lodi Beer Company'}
200264087427
No JSON object could be decoded
110393609004780
161252290561490
URL Error on graph lookup: {u'sources': {u'twitter': u'http://twitter.com/intent', u'facebook': u'http://www.facebook.com/share'}, u'_id': ObjectId('50c37b0e2218dc3ed7d1edec'), u'name': u'Logsdon Farmhouse Ales'}
URL Error on graph lookup: {u'sources': {u'twitter': None, u'facebook': u'http://www.facebook.com/home'}, u'_id': ObjectId('50c37b0e2218dc3ed7d1ee09'), u'name': u'Lost River Brewing'}
URL Error on graph lookup: {u'sources': {u'twitter': None, u'facebook': u'http://www.facebook.com/2008/fbml'}, u'_id': ObjectId('50c37b0e2218dc3ed7d1ee12'), u'name': u'Loveland Ale Works'}
162941801668
1624210124
165976261003
36921483181
114791435215354
130329143694906
201670336551532
217314371614504
201670336551532
1822128184
URL Error on graph lookup: {u'sources': {u'twitter': None, u'facebook': u'http://www.facebook.com/groups/205524112908589'}, u'_id': ObjectId('50c37c372218dc3ed7d1ee35'), u'name': u'Mad Horse Brewpub'}
165330130205892
unknown url type: graph.facebook.com/plugins/likebox?access_token=AAAHOssyebnMBAEOOteXKBWHuwefgm766XiiBW1mO8woj2oVEgQ5aEZAkyAlvJoef4exmkqVZB498ifZAZBTBZB7xVrZBso3tMOdMBSE6B4MwZDZD
62902472652
142983417700
URL Error on graph lookup: {u'sources': {u'twitter': None, u'facebook': u'http://www.facebook.com/2008/fbml'}, u'_id': ObjectId('50c37d692218dc3ed7d1ee4e'), u'name': u'Main Street Station Casino, Brewery and Hotel Triple 7 Brewpub'}
142599205810186
Manayunk-Brewery-and-Restaurant
251086919393
162533767154200
URL Error on graph lookup: {u'sources': {u'twitter': None, u'facebook': u'http://www.facebook.com/home'}, u'_id': ObjectId('50c37d692218dc3ed7d1ee71'), u'name': u'Market Cross Pub & Brewery'}
151137388263198
106270215428
8526964066
213224397533
113341741134
276799950459
74506559796
unknown url type: graph.facebook.com/plugins/likebox?access_token=AAAHOssyebnMBAEOOteXKBWHuwefgm766XiiBW1mO8woj2oVEgQ5aEZAkyAlvJoef4exmkqVZB498ifZAZBTBZB7xVrZBso3tMOdMBSE6B4MwZDZD
169692660051
URL Error on graph lookup: {u'sources': {u'twitter': u'http://twitter.com/MaxLagers', u'facebook': u'http://www.facebook.com/plugins/like'}, u'_id': ObjectId('50c37ede2218dc3ed7d1ee8b'), u'name': u"Max Lager's American Grill and Brewery"}
155727861136945
169692660051
169692660051
169692660051
169692660051
1624210124
169692660051
169692660051
169692660051
169692660051
169692660051
169692660051
169692660051
169692660051
169692660051
169692660051
169692660051
169692660051
169692660051
169692660051
169692660051
169692660051
135887936422605
169692660051
140963912610038
60449141773
Michigan-Beer-Cellar
110715195626118
109682369060123
Migration-Brewing-Company
264311623600898
115712781792468
URL Error on graph lookup: {u'sources': {u'twitter': None, u'facebook': u'http://www.facebook.com/2008/fbml'}, u'_id': ObjectId('50c382c62218dc3ed7d1eef9'), u'name': u'MillKing It Productions'}
URL Error on graph lookup: {u'sources': {u'twitter': None, u'facebook': u'http://www.facebook.com/connect/connect'}, u'_id': ObjectId('50c380ec2218dc3ed7d1eed5'), u'name': u'Middleton Brewing'}
37552909979
171801512436
43819229306
112664295418271
106567563219
116185498408776
105744895876
163526499200
118200151591703
URL Error on graph lookup: {u'sources': {u'twitter': u'http://twitter.com/MomosPizzaPub', u'facebook': u'http://www.facebook.com/2008/fbml'}, u'_id': ObjectId('50c384392218dc3ed7d1ef24'), u'name': u"Momo's Market Street Brew Pub"}
269684166459813
URL Error on graph lookup: {u'sources': {u'twitter': None, u'facebook': u'http://www.facebook.com/2008/fbml'}, u'_id': ObjectId('50c384392218dc3ed7d1ef35'), u'name': u'Moon River Brewing'}
159084368364
115890928435983
117418168034
92171881785
210461935157
370616716347369
194493329751
144928508918654
21383762515
URL Error on graph lookup: {u'sources': {u'twitter': None, u'facebook': u'http://www.facebook.com/plugins/likebox'}, u'_id': ObjectId('50c385c12218dc3ed7d1ef56'), u'name': u'Mount Pleasant Brewing'}
165161136830220
72603589907
118508988188087
No JSON object could be decoded
184076428180
97553905751
URL Error on graph lookup: {u'sources': {u'twitter': None, u'facebook': u'http://www.facebook.com/plugins/likebox'}, u'_id': ObjectId('50c388032218dc3ed7d1ef86'), u'name': u'Naked Dove Brewing'}
145628128782538
unknown url type: graph.facebook.com/plugins/likebox?access_token=AAAHOssyebnMBAEOOteXKBWHuwefgm766XiiBW1mO8woj2oVEgQ5aEZAkyAlvJoef4exmkqVZB498ifZAZBTBZB7xVrZBso3tMOdMBSE6B4MwZDZD
1624210124
164637166896
327922561149
URL Error on graph lookup: {u'sources': {u'twitter': u'http://twitter.com/natianbrewery', u'facebook': u'http://www.facebook.com/plugins/like'}, u'_id': ObjectId('50c388032218dc3ed7d1ef96'), u'name': u'Natian Brewery'}
URL Error on graph lookup: {u'sources': {u'twitter': u'twitter.com/anywhere', u'facebook': u'http://www.facebook.com/2008/fbml'}, u'_id': ObjectId('50c389922218dc3ed7d1efba'), u'name': u'New Holland Brewing Company'}
46662743699
46662743699
269682986965
260672872688
URL Error on graph lookup: {u'sources': {u'twitter': u'http://twitter.com/Nexusbrewery', u'facebook': u'http://www.facebook.com/group'}, u'_id': ObjectId('50c389922218dc3ed7d1efcb'), u'name': u'Nexus Brewery'}
256023171171523
182375791801912
97980008227
91786338751
46628066936
197449486961259
269798207855
The-North-Fork-Brewery-and-Beer-Shrine
114734011901932
118594541528731
214672175243024
225846394118921
unknown url type: graph.facebook.com/plugins/like?access_token=AAAHOssyebnMBAEOOteXKBWHuwefgm766XiiBW1mO8woj2oVEgQ5aEZAkyAlvJoef4exmkqVZB498ifZAZBTBZB7xVrZBso3tMOdMBSE6B4MwZDZD
unknown url type: facebook.com/NWPeaksBrewery?access_token=AAAHOssyebnMBAEOOteXKBWHuwefgm766XiiBW1mO8woj2oVEgQ5aEZAkyAlvJoef4exmkqVZB498ifZAZBTBZB7xVrZBso3tMOdMBSE6B4MwZDZD
URL Error on graph lookup: {u'sources': {u'twitter': u'http://twitter.com/NorthwoodsBrews', u'facebook': u'http://www.facebook.com/'}, u'_id': ObjectId('50c38b0c2218dc3ed7d1effb'), u'name': u'Northwoods Brewpub Grill'}
120070418053269
124237287593042
168663362478
267421476685281
unknown url type: graph.facebook.com/plugins/likebox?access_token=AAAHOssyebnMBAEOOteXKBWHuwefgm766XiiBW1mO8woj2oVEgQ5aEZAkyAlvJoef4exmkqVZB498ifZAZBTBZB7xVrZBso3tMOdMBSE6B4MwZDZD
unknown url type: graph.facebook.com/plugins/like?access_token=AAAHOssyebnMBAEOOteXKBWHuwefgm766XiiBW1mO8woj2oVEgQ5aEZAkyAlvJoef4exmkqVZB498ifZAZBTBZB7xVrZBso3tMOdMBSE6B4MwZDZD
321464096732
93253525597
123048941073947
33590190754
unknown url type: graph.facebook.com/plugins/likebox?access_token=AAAHOssyebnMBAEOOteXKBWHuwefgm766XiiBW1mO8woj2oVEgQ5aEZAkyAlvJoef4exmkqVZB498ifZAZBTBZB7xVrZBso3tMOdMBSE6B4MwZDZD
111192942279723
URL Error on graph lookup: {u'sources': {u'twitter': None, u'facebook': u'http://www.facebook.com/plugins/likebox'}, u'_id': ObjectId('50c38ef12218dc3ed7d1f050'), u'name': u'Old Forge Brewing'}
168070898447
233163617384
112009196447
The-Old-Mill-Brewery-Grill
168555019856530
144443528929973
URL Error on graph lookup: {u'sources': {u'twitter': u'twitter.com/oldemain', u'facebook': u'http://www.facebook.com/plugins/likebox'}, u'_id': ObjectId('50c390442218dc3ed7d1f07a'), u'name': u'Olde Main Brewing'}
135887936422605
401044433243245
100847979468
Oregon-Trail-Brewery
unknown url type: facebook.com/connect?access_token=AAAHOssyebnMBAEOOteXKBWHuwefgm766XiiBW1mO8woj2oVEgQ5aEZAkyAlvJoef4exmkqVZB498ifZAZBTBZB7xVrZBso3tMOdMBSE6B4MwZDZD
133372033347462
102757687688
329710000379586
URL Error on graph lookup: {u'sources': {u'twitter': None, u'facebook': u'http://www.facebook.com/2008/fbml'}, u'_id': ObjectId('50c38ef12218dc3ed7d1f03c'), u'name': u'Okoboji Brewing Co.'}
189028514379
130935278486
unknown url type: facebook.com/connect?access_token=AAAHOssyebnMBAEOOteXKBWHuwefgm766XiiBW1mO8woj2oVEgQ5aEZAkyAlvJoef4exmkqVZB498ifZAZBTBZB7xVrZBso3tMOdMBSE6B4MwZDZD
281725950993
66719310787
1618012522
154921137938646
Heroes
URL Error on graph lookup: {u'sources': {u'twitter': u'http://twitter.com/payettebrewing', u'facebook': u'http://www.facebook.com/home'}, u'_id': ObjectId('50c395b22218dc3ed7d1f107'), u'name': u'Payette Brewing'}
127058221590
209605423241
111699288869419
166935949992807
18292863559
263969590374774
147906648667306
184339584607
Phantom-Canyon-Brewing-Company
144434928910015
138728856172669
66511294462
144803728918008
Pizza-Orgasmica
10150097225655094
285445181486209
285445181486209
110229715678682
285445181486209
URL Error on graph lookup: {u'sources': {u'twitter': u'twitter.com/phillybrewing', u'facebook': u'http://www.facebook.com/2008/fbml'}, u'_id': ObjectId('50c395b22218dc3ed7d1f12e'), u'name': u'Philadelphia Brewing Co.'}
285445181486209
276660797431
URL Error on graph lookup: {u'sources': {u'twitter': None, u'facebook': u'http://www.facebook.com/profile.php?id=1354360802'}, u'_id': ObjectId('50c38d3b2218dc3ed7d1f00d'), u'name': u"O'So Brewing Co."}
361968020543014
URL Error on graph lookup: {u'sources': {u'twitter': None, u'facebook': u'http://www.facebook.com/plugins/like'}, u'_id': ObjectId('50c399ab2218dc3ed7d1f180'), u'name': u'Portneuf Valley Brewing'}
77997713953
96896716193
URL Error on graph lookup: {u'sources': {u'twitter': u'http://twitter.com/lostabbey', u'facebook': u'http://www.facebook.com/port'}, u'_id': ObjectId('50c399ab2218dc3ed7d1f173'), u'name': u'Port Brewing The Lost Abbey'}
223112415494
197279880303857
63465116039
URL Error on graph lookup: {u'sources': {u'twitter': u'http://twitter.com/Prescottbrewco', u'facebook': u'http://www.facebook.com/http'}, u'_id': ObjectId('50c399ab2218dc3ed7d1f193'), u'name': u'Prescott Brewing'}
Prison-Brews
103322160068
No JSON object could be decoded
URL Error on graph lookup: {u'sources': {u'twitter': u'http://twitter.com/intent', u'facebook': u'http://www.facebook.com/share'}, u'_id': ObjectId('50c39b072218dc3ed7d1f19f'), u'name': u'Props Brewery & Grill'}
140313729400198
239044809478058
No JSON object could be decoded
No JSON object could be decoded
339627040120
No JSON object could be decoded
201688376530552
No JSON object could be decoded
75050993630
Purple-Healer-Brewing-Co-LLC
Quigleys-Pint-Plate
204720652972087
244308972298538
URL Error on graph lookup: {u'sources': {u'twitter': u'http://twitter.com/#!/theRAM', u'facebook': u'http://www.facebook.com/plugins/like'}, u'_id': ObjectId('50c39d092218dc3ed7d1f1d4'), u'name': u'RAM \u2014 Kent (The RAM International)'}
114554401937485
URL Error on graph lookup: {u'sources': {u'twitter': u'http://twitter.com/#!/theRAM', u'facebook': u'http://www.facebook.com/plugins/like'}, u'_id': ObjectId('50c39d092218dc3ed7d1f1d5'), u'name': u'Ram Restaurant & Brewery'}
URL Error on graph lookup: {u'sources': {u'twitter': u'http://twitter.com/#!/theRAM', u'facebook': u'http://www.facebook.com/plugins/like'}, u'_id': ObjectId('50c39d092218dc3ed7d1f1d6'), u'name': u'RAM Restaurant & Brewery The Big Horn Brewery'}
URL Error on graph lookup: {u'sources': {u'twitter': u'http://twitter.com/#!/theRAM', u'facebook': u'http://www.facebook.com/plugins/like'}, u'_id': ObjectId('50c39d092218dc3ed7d1f1d7'), u'name': u'RAM Restaurant & Brewery \u2014 Fishers'}
URL Error on graph lookup: {u'sources': {u'twitter': u'http://twitter.com/#!/theRAM', u'facebook': u'http://www.facebook.com/plugins/like'}, u'_id': ObjectId('50c39d092218dc3ed7d1f1d8'), u'name': u'Ram Restaurant & Brewery of Boise (RAM International)'}
URL Error on graph lookup: {u'sources': {u'twitter': u'http://twitter.com/#!/theRAM', u'facebook': u'http://www.facebook.com/plugins/like'}, u'_id': ObjectId('50c39d092218dc3ed7d1f1d9'), u'name': u'Ram Restaurant & Brewery of Indianapolis (RAM International)'}
URL Error on graph lookup: {u'sources': {u'twitter': u'http://twitter.com/#!/theRAM', u'facebook': u'http://www.facebook.com/plugins/like'}, u'_id': ObjectId('50c39d092218dc3ed7d1f1da'), u'name': u'Ram Restaurant & Brewery of Lacey (RAM International)'}
URL Error on graph lookup: {u'sources': {u'twitter': u'http://twitter.com/#!/theRAM', u'facebook': u'http://www.facebook.com/plugins/like'}, u'_id': ObjectId('50c39d092218dc3ed7d1f1dc'), u'name': u'Ram Restaurant & Brewery of Lakewood (RAM International)'}
129567933732903
URL Error on graph lookup: {u'sources': {u'twitter': u'http://twitter.com/#!/theRAM', u'facebook': u'http://www.facebook.com/plugins/like'}, u'_id': ObjectId('50c39d092218dc3ed7d1f1dd'), u'name': u'Ram Restaurant & Brewery of Puyallup (RAM International)'}
URL Error on graph lookup: {u'sources': {u'twitter': u'http://twitter.com/#!/theRAM', u'facebook': u'http://www.facebook.com/plugins/like'}, u'_id': ObjectId('50c39d092218dc3ed7d1f1de'), u'name': u'Ram Restaurant & Brewery of Rosemont (RAM International)'}
URL Error on graph lookup: {u'sources': {u'twitter': u'http://twitter.com/#!/theRAM', u'facebook': u'http://www.facebook.com/plugins/like'}, u'_id': ObjectId('50c39d092218dc3ed7d1f1df'), u'name': u'Ram Restaurant & Brewery of Salem (RAM International)'}
URL Error on graph lookup: {u'sources': {u'twitter': u'http://twitter.com/#!/theRAM', u'facebook': u'http://www.facebook.com/plugins/like'}, u'_id': ObjectId('50c39d092218dc3ed7d1f1e0'), u'name': u'Ram Restaurant & Brewery of Schaumburg (RAM International)'}
URL Error on graph lookup: {u'sources': {u'twitter': u'http://twitter.com/#!/theRAM', u'facebook': u'http://www.facebook.com/plugins/like'}, u'_id': ObjectId('50c39d092218dc3ed7d1f1e1'), u'name': u'Ram Restaurant & Brewery of Seattle (RAM International)'}
No JSON object could be decoded
URL Error on graph lookup: {u'sources': {u'twitter': None, u'facebook': u'http://www.facebook.com/plugins/like'}, u'_id': ObjectId('50c39d092218dc3ed7d1f1cc'), u'name': u'Railhouse Brewery'}
unknown url type: graph.facebook.com/plugins/activity?access_token=AAAHOssyebnMBAEOOteXKBWHuwefgm766XiiBW1mO8woj2oVEgQ5aEZAkyAlvJoef4exmkqVZB498ifZAZBTBZB7xVrZBso3tMOdMBSE6B4MwZDZD
unknown url type: facebook.com/js/api_lib?access_token=AAAHOssyebnMBAEOOteXKBWHuwefgm766XiiBW1mO8woj2oVEgQ5aEZAkyAlvJoef4exmkqVZB498ifZAZBTBZB7xVrZBso3tMOdMBSE6B4MwZDZD
24001664998
139729896037836
179990505360874
URL Error on graph lookup: {u'sources': {u'twitter': u'http://twitter.com/rabbitsfootmead', u'facebook': u'http://www.facebook.com/home'}, u'_id': ObjectId('50c39f082218dc3ed7d1f1ff'), u'name': u"Red Branch Brewing Company Rabbit's Foot Meadery"}
unknown url type: graph.facebook.com/plugins/likebox?access_token=AAAHOssyebnMBAEOOteXKBWHuwefgm766XiiBW1mO8woj2oVEgQ5aEZAkyAlvJoef4exmkqVZB498ifZAZBTBZB7xVrZBso3tMOdMBSE6B4MwZDZD
URL Error on graph lookup: {u'sources': {u'twitter': u'http://twitter.com/#!/redrockbrewing', u'facebook': u'http://www.facebook.com/plugins/likebox'}, u'_id': ObjectId('50c39f082218dc3ed7d1f20c'), u'name': u'Red Rock Brewing Company \u2014 Park City'}
260325996885
155711264483018
169272869823925
50761040890
154513259198
204685486265623
163826533681774
301853536884
110981202267764
106094409455912
30270728125
326645020761767
120233081345467
194134343972747
144974778895992
182605031782862
223437013045
66914143376
218031061546793
250849644990146
unknown url type: graph.facebook.com/plugins/likebox?access_token=AAAHOssyebnMBAEOOteXKBWHuwefgm766XiiBW1mO8woj2oVEgQ5aEZAkyAlvJoef4exmkqVZB498ifZAZBTBZB7xVrZBso3tMOdMBSE6B4MwZDZD
107337152658581
unknown url type: facebook.com/schema/?access_token=AAAHOssyebnMBAEOOteXKBWHuwefgm766XiiBW1mO8woj2oVEgQ5aEZAkyAlvJoef4exmkqVZB498ifZAZBTBZB7xVrZBso3tMOdMBSE6B4MwZDZD
unknown url type: facebook.com/schema/?access_token=AAAHOssyebnMBAEOOteXKBWHuwefgm766XiiBW1mO8woj2oVEgQ5aEZAkyAlvJoef4exmkqVZB498ifZAZBTBZB7xVrZBso3tMOdMBSE6B4MwZDZD
126270488860
148463511847179
233596716683841
URL Error on graph lookup: {u'sources': {u'twitter': None, u'facebook': u'http://www.facebook.com/plugins/likebox'}, u'_id': ObjectId('50c3a4d32218dc3ed7d1f2d9'), u'name': u'Royal Gorge Brewing Co & Restaurant'}
237085397523
picture
URL Error on graph lookup: {u'sources': {u'twitter': u'http://twitter.com/randysfishFL', u'facebook': u'http://www.facebook.com/profile.php?id=298654953560128'}, u'_id': ObjectId('50c39d092218dc3ed7d1f1e7'), u'name': u"Randy's Fishmarket Restaurant"}
No JSON object could be decoded
258054620938824
No JSON object could be decoded
33328493323
288707367806850
URL Error on graph lookup: {u'sources': {u'twitter': u'https://twitter.com/SRBBrewing', u'facebook': u'http://www.facebook.com/plugins/likebox'}, u'_id': ObjectId('50c3a6772218dc3ed7d1f308'), u'name': u'Salmon River Brewery'}
50553386629
117693451590826
208730855899294
1624210124
113820748687756
URL Error on graph lookup: {u'sources': {u'twitter': None, u'facebook': u'http://www.facebook.com/group'}, u'_id': ObjectId('50c3a69c2218dc3ed7d1f330'), u'name': u'Sapphire Mountain Brewing Company'}
149149488471492
205793612813085
URL Error on graph lookup: {u'sources': {u'twitter': None, u'facebook': u'http://www.facebook.com/home'}, u'_id': ObjectId('50c3a69c2218dc3ed7d1f33f'), u'name': u'SchillingBridge Winery & Microbrewery'}
191211014267082
136409353072855
URL Error on graph lookup: {u'sources': {u'twitter': None, u'facebook': u'http://www.facebook.com/plugins/likebox'}, u'_id': ObjectId('50c3a6772218dc3ed7d1f321'), u'name': u'Santa Barbara Brewing'}
52146432505
52146432505
52146432505
52146432505
52146432505
118028804890533
URL Error on graph lookup: {u'sources': {u'twitter': u'http://twitter.com/SanTanBrewing', u'facebook': u'http://www.facebook.com/group'}, u'_id': ObjectId('50c3a69c2218dc3ed7d1f32d'), u'name': u'SanTan Brewing'}
209974019042859
80630011960
186324988054640
245460688304
URL Error on graph lookup: {u'sources': {u'twitter': u'http://twitter.com/share', u'facebook': u'http://www.facebook.com/plugins/like'}, u'_id': ObjectId('50c3a83d2218dc3ed7d1f38a'), u'name': u'Shine Restaurant & Gathering Place'}
URL Error on graph lookup: {u'sources': {u'twitter': None, u'facebook': u'http://www.facebook.com/group'}, u'_id': ObjectId('50c3a83d2218dc3ed7d1f387'), u'name': u'Sherwood Brewing'}
127221954040140
12994977515
URL Error on graph lookup: {u'sources': {u'twitter': None, u'facebook': u'http://www.facebook.com/2008/fbml'}, u'_id': ObjectId('50c3a9a52218dc3ed7d1f3b6'), u'name': u'Silverton Brewery'}
URL Error on graph lookup: {u'sources': {u'twitter': u'http://twitter.com/Shortsbrewing', u'facebook': u'http://www.facebook.com/plugins/like'}, u'_id': ObjectId('50c3a9a52218dc3ed7d1f39a'), u'name': u"Short's Brewing"}
URL Error on graph lookup: {u'sources': {u'twitter': u'http://twitter.com/Shortsbrewing', u'facebook': u'http://www.facebook.com/plugins/like'}, u'_id': ObjectId('50c3a9a52218dc3ed7d1f39b'), u'name': u"Short's Brewing \u2014 Production Facility"}
113509617527
117322345042824
140821977944
217714338242627
132748140107273
83979433907
URL Error on graph lookup: {u'sources': {u'twitter': u'twitter.com/SnowGooseAK', u'facebook': u'http://www.facebook.com/home'}, u'_id': ObjectId('50c3ab492218dc3ed7d1f3d1'), u'name': u'Sleeping Lady Brewing Snow Goose Restaurant'}
URL Error on graph lookup: {u'sources': {u'twitter': u'http://twitter.com/SCBrewingCo', u'facebook': u'http://www.facebook.com/plugins/likebox'}, u'_id': ObjectId('50c3a83d2218dc3ed7d1f381'), u'name': u'ShawneeCraft Brewery'}
56565676428
43031114818
56565676428
85262842525
172664249871
URL Error on graph lookup: {u'sources': {u'twitter': u'twitter.com/socalbeerco', u'facebook': u'http://www.facebook.com/SoCalBeerCompany'}, u'_id': ObjectId('50c3abff2218dc3ed7d1f3fb'), u'name': u'SoCal Beer Co.'}
298680642419
198723160196314
209778765804503
349727326832
155875804519628
URL Error on graph lookup: {u'sources': {u'twitter': None, u'facebook': u'http://www.facebook.com/plugins/likebox'}, u'_id': ObjectId('50c3abff2218dc3ed7d1f40f'), u'name': u'Soo Brewing Company'}
129213670450428
120520313179
101593683213887
URL Error on graph lookup: {u'sources': {u'twitter': u'https://twitter.com/share', u'facebook': u'http://www.facebook.com/2008/fbml'}, u'_id': ObjectId('50c3ab492218dc3ed7d1f3ed'), u'name': u'Snake River Brewing Jackson Hole Pub and Brewery'}
URL Error on graph lookup: {u'sources': {u'twitter': None, u'facebook': u'http://www.facebook.com/plugins/like'}, u'_id': ObjectId('50c3abff2218dc3ed7d1f407'), u'name': u'Solvang Brewing Company'}
URL Error on graph lookup: {u'sources': {u'twitter': u'twitter.com/SouthernStarBC', u'facebook': u'http://www.facebook.com/mhdraper'}, u'_id': ObjectId('50c3ad152218dc3ed7d1f42e'), u'name': u'Southern Star Brewing Company'}
21383762515
98552422403
156066401116596
URL Error on graph lookup: {u'sources': {u'twitter': u'http://twitter.com/thekegandbarrel', u'facebook': u'https://www.facebook.com/events/503811926309285'}, u'_id': ObjectId('50c3ad152218dc3ed7d1f42d'), u'name': u'Southern Prohibition Brewery Keg & Barrel Brew Pub'}
188200333800
125702400827710
No JSON object could be decoded
236770369710
23035522879
198344976908166
169177286426003
254877801231611
URL Error on graph lookup: {u'sources': {u'twitter': None, u'facebook': u'http://www.facebook.com/people/Stillwater-Artisanal-Ales'}, u'_id': ObjectId('50c3aebd2218dc3ed7d1f482'), u'name': u'Stillwater Artisanal Ales'}
100000122585755
103006479799658
107693651669
88185676923
122368966742
119714408061291
271811819545401
Straight-To-Ale-Brewing
1624210124
29712814789
10150149688025585
209725979379
URL Error on graph lookup: {u'sources': {u'twitter': u'http://twitter.com/PAFaire', u'facebook': u'http://www.facebook.com/plugins/likebox'}, u'_id': ObjectId('50c3b0812218dc3ed7d1f4d3'), u'name': u'Swashbuckler Brewing Company Mount Hope Estate'}
290472300978766
URL Error on graph lookup: {u'sources': {u'twitter': None, u'facebook': u'http://www.facebook.com/people/Syracuse-Suds'}, u'_id': ObjectId('50c3b0812218dc3ed7d1f4de'), u'name': u'Syracuse Suds Factory'}
110697702372232
305047380966
225690384135589
200453959986506
165516480155854
389426411104564
URL Error on graph lookup: {u'sources': {u'twitter': u'http://twitter.com/TBBCo', u'facebook': u'http://www.facebook.com/plugins/likebox'}, u'_id': ObjectId('50c3b2312218dc3ed7d1f4ea'), u'name': u'Tampa Bay Brewing Company'}
URL Error on graph lookup: {u'sources': {u'twitter': None, u'facebook': u'http://www.facebook.com/home'}, u'_id': ObjectId('50c3b2312218dc3ed7d1f4f9'), u'name': u'Taps Fish House and Brewery \u2014 Corona'}
48449745786
URL Error on graph lookup: {u'sources': {u'twitter': None, u'facebook': u'http://facebook.com/profile'}, u'_id': ObjectId('50c3b2312218dc3ed7d1f508'), u'name': u'Tequesta Brewing Co. Corner Cafe & Brewery'}
258756704195850
116054948474913
152311901499868
159504627411456
378502778851348
The-Brewmasters-Tavern
111608172210154
193116474043652
184369134953818
257461147608942
unknown url type: graph.facebook.com/plugins/likebox?access_token=AAAHOssyebnMBAEOOteXKBWHuwefgm766XiiBW1mO8woj2oVEgQ5aEZAkyAlvJoef4exmkqVZB498ifZAZBTBZB7xVrZBso3tMOdMBSE6B4MwZDZD
105656192142
No JSON object could be decoded
125118340926911
No JSON object could be decoded
The-Lucky-Monk
252261081497857
170106599701946
URL Error on graph lookup: {u'sources': {u'twitter': u'http://twitter.com/thirstypagan', u'facebook': u'http://www.facebook.com/plugins/likebox'}, u'_id': ObjectId('50c3b3f72218dc3ed7d1f554'), u'name': u'Thirsty Pagan Brewing'}
179251745479982
Thirsty-Planet-Brewing-Company
ThirstyBear-Brewing-Company
241886525873750
119511801424299
Thunder-Canyon-Brewery
126843517347072
137305962993881
38856529042
254207281336113
110633058983078
279435329236
117734338288914
URL Error on graph lookup: {u'sources': {u'twitter': u'https://twitter.com/TreeHouseBrewCo', u'facebook': u'http://www.facebook.com/2008/fbml'}, u'_id': ObjectId('50c3b5a52218dc3ed7d1f5aa'), u'name': u'Tree House Brewery'}
317892420294
URL Error on graph lookup: {u'sources': {u'twitter': u'http://twitter.com/TrinityBrewing', u'facebook': u'http://www.facebook.com/events/513650728653810'}, u'_id': ObjectId('50c3b6e02218dc3ed7d1f5b5'), u'name': u'Trinity Brewing Company'}
321084530498
123422886687
321565841256597
232894876731009
201405036554838
Troegs-Brewing-Company
59908563139
120353262254
126454120712345
119233711452964
190639407635349
101781549891688
91260258179
115098508518683
217436811621996
URL Error on graph lookup: {u'sources': {u'twitter': u'twitter.com/TwoBrothersBeer', u'facebook': u'http://www.facebook.com/'}, u'_id': ObjectId('50c3b8022218dc3ed7d1f5ec'), u'name': u'Two Brothers Brewing'}
unknown url type: graph.facebook.com/plugins/likebox?access_token=AAAHOssyebnMBAEOOteXKBWHuwefgm766XiiBW1mO8woj2oVEgQ5aEZAkyAlvJoef4exmkqVZB498ifZAZBTBZB7xVrZBso3tMOdMBSE6B4MwZDZD
44649304653
99267893252
136640885735
265535993484284
URL Error on graph lookup: {u'sources': {u'twitter': u'http://twitter.com/twainsdecatur', u'facebook': u'http://www.facebook.com/group'}, u'_id': ObjectId('50c3b6e02218dc3ed7d1f5de'), u'name': u"Twain's Billiards and Tap"}
176293985727322
185239110768
185239110768
135845376441404
175065972525767
252443494803669
73031999782
350915704946568
URL Error on graph lookup: {u'sources': {u'twitter': None, u'facebook': u'https://www.facebook.com/plugins/likebox'}, u'_id': ObjectId('50c3bae32218dc3ed7d1f652'), u'name': u'Vermont Pub and Brewery'}
31843619419
URL Error on graph lookup: {u'sources': {u'twitter': u'http://twitter.com/VinosBrewPubLR', u'facebook': u'http://www.facebook.com/people/Vinos-Original'}, u'_id': ObjectId('50c3bae32218dc3ed7d1f65d'), u'name': u"Vino's Brewpub"}
305706522795288
184552301597265
1580014322
Three-Brothers-Wineries-and-Estates
URL Error on graph lookup: {u'sources': {u'twitter': u'http://twitter.com/wasatchbrewcrew', u'facebook': u'http://www.facebook.com/profile.php?id=1580195824'}, u'_id': ObjectId('50c3bc9a2218dc3ed7d1f68d'), u'name': u'Wasatch Brewpub Schirf Brewing #1'}
196577887059398
URL Error on graph lookup: {u'sources': {u'twitter': u'http://twitter.com/waterstreetbrew', u'facebook': u'http://www.facebook.com/group'}, u'_id': ObjectId('50c3bc9a2218dc3ed7d1f691'), u'name': u'Water Street Brewery'}
URL Error on graph lookup: {u'sources': {u'twitter': u'http://twitter.com/waterstreetbrew', u'facebook': u'http://www.facebook.com/group'}, u'_id': ObjectId('50c3bc9a2218dc3ed7d1f692'), u'name': u'Water Street Brewery \u2014 Grafton'}
URL Error on graph lookup: {u'sources': {u'twitter': u'http://twitter.com/waterstreetbrew', u'facebook': u'http://www.facebook.com/group'}, u'_id': ObjectId('50c3bc9a2218dc3ed7d1f695'), u'name': u'Water Street Lake Country'}
119731348070076
221637417959612
259329934111319
327659622509
184420648327153
120779471272093
186652521417598
URL Error on graph lookup: {u'sources': {u'twitter': u'http://twitter.com/#!/WhiteFlameBrew', u'facebook': u'http://www.facebook.com/2008/fbml'}, u'_id': ObjectId('50c3be4b2218dc3ed7d1f6cb'), u'name': u'White Flame Brewing Co.'}
194198312900
URL Error on graph lookup: {u'sources': {u'twitter': None, u'facebook': u'http://www.facebook.com/plugins/likebox'}, u'_id': ObjectId('50c3be4b2218dc3ed7d1f6c7'), u'name': u'Whistle Stop Restaurant & Brewery Woodman Brewery'}
128025083878135
168511889861972
53718246611
269016643114038
URL Error on graph lookup: {u'sources': {u'twitter': u'http://twitter.com/#!/WRBrewing', u'facebook': u'http://facebook.com/group'}, u'_id': ObjectId('50c3bff22218dc3ed7d1f6ec'), u'name': u'Wild River Brewing and Pizza \u2014 Cave Junction'}
URL Error on graph lookup: {u'sources': {u'twitter': u'http://twitter.com/#!/WRBrewing', u'facebook': u'http://facebook.com/group'}, u'_id': ObjectId('50c3bff22218dc3ed7d1f6ed'), u'name': u'Wild River Brewing and Pizza \u2014 Grants Pass'}
281478828618033
162524563767537
URL Error on graph lookup: {u'sources': {u'twitter': None, u'facebook': u'http://www.facebook.com/groups/155822042676'}, u'_id': ObjectId('50c3bff22218dc3ed7d1f70e'), u'name': u'Wind River Brewing'}
153417348049148
141686281271
1624210124
Woodstock-Inn-Station-Clement-Room-Grille
URL Error on graph lookup: {u'sources': {u'twitter': u'http://twitter.com/intent', u'facebook': u'http://www.facebook.com/share'}, u'_id': ObjectId('50c3c12f2218dc3ed7d1f719'), u'name': u'Wolf Beer Company'}
326039410764756
209320812442588
187701081314828
106972972663610
118978030069
18872648654
unknown url type: facebook.com/js/api_lib?access_token=AAAHOssyebnMBAEOOteXKBWHuwefgm766XiiBW1mO8woj2oVEgQ5aEZAkyAlvJoef4exmkqVZB498ifZAZBTBZB7xVrZBso3tMOdMBSE6B4MwZDZD
282957488015
141664142550273
No JSON object could be decoded
unknown url type: facebook.com/js/api_lib?access_token=AAAHOssyebnMBAEOOteXKBWHuwefgm766XiiBW1mO8woj2oVEgQ5aEZAkyAlvJoef4exmkqVZB498ifZAZBTBZB7xVrZBso3tMOdMBSE6B4MwZDZD
96764331525
3-Guys-and-a-Beerd-Brewing-Company
16-Mile-Brewing-Company
154986941208128
112643938842239
192548867486304
60206913692
123939257645788
170106599701946
73388929944
153432011334337
53441666265
158547945207
Cypress-Street-Station-Home-of-The-Abilene-Brewing-Co
211143622231118
317818776724
129136560437384
160225897407626
58635402333
Ambacht-Brewing


DONE!
Facebook Profile IDs found 785/1053 74%
1.57user 0.32system 2:17.23elapsed 1%CPU (0avgtext+0avgdata 60096maxresident)k
0inputs+128outputs (0major+7617minor)pagefaults 0swaps
