UPDATED: 7venth Sun Brewery
UPDATED: Abbey Beverage Co, LLC / Monastery of Christ In th
UPDATED: Acadian Farms
UPDATED: Adelbert's Brewery LLC
UPDATED: Aiken Brewing Co
UPDATED: Airways Brewing Co
UPDATED: Alchemist Cannery
UPDATED: Ale Asylum
UPDATED: Ale Industries
UPDATED: AleSmith Brewing Co
UPDATED: All Saints Brewing Co
UPDATED: Alligator Brewing / Tall Paul's Brewhouse
UPDATED: Alltech's Lexington Brewing & Distilling Co
UPDATED: Aloha Beer Co
UPDATED: Alpine Brewing Co
UPDATED: Altamont Beer Works
UPDATED: Ambacht Brewing
UPDATED: American Brewing Co
UPDATED: American River Brewing Co
UPDATED: American Sky Beer
UPDATED: Amplified Ale Works / California Kebab and Brewery
UPDATED: Anaheim Brewery
UPDATED: Anchorage Brewing Co
UPDATED: Ancient Lakes Brewing Co
UPDATED: Andrews Brewing Co
UPDATED: Angel City Brewery
UPDATED: Angry Cedar Brewing Co
UPDATED: Angry Hank's Microbrewery
UPDATED: Apocalypse Brew Works
UPDATED: Apocalypse Brewing
UPDATED: Appalachian Brewing Co - Harrisburg
UPDATED: Arbor Corner Brewery, The
UPDATED: Arcadia Brewing Co
UPDATED: Argus Brewery
UPDATED: Arkose Brewery
UPDATED: Arvada Beer Company
UPDATED: Asher Brewing Co
UPDATED: Asheville Brewing Co
UPDATED: Aspen Brewing Co
UPDATED: Ass Clown Brewing Co
UPDATED: Back Forty Beer Co
UPDATED: Back Road Brewery
UPDATED: Backpocket Brewing Co
UPDATED: Bad Ass Brewery
UPDATED: BAD Brewing Co
UPDATED: Badger Hill Brewing
UPDATED: Bainbridge Island Brewing
UPDATED: Ballast Point Brewing Co / Home Brew Mart
UPDATED: Bar Harbor Brewing Co
UPDATED: Baranof Island Brewing Co
UPDATED: Bare Hands Brewery
UPDATED: Barhop Brewing
UPDATED: Barley Mow Brewing Co
UPDATED: Barnhouse Brewery
UPDATED: Barren Hill Brewing Co / Copper Crow Beer
UPDATED: Barrier Brewing Co
UPDATED: Barrio Brewing Co
UPDATED: Base Camp Brewing Co
UPDATED: Bat Creek Brewery
UPDATED: Battered Boar Brewing Co
UPDATED: Baxter Brewing Co, LLC
UPDATED: Bay Bridge Brewing Co
UPDATED: Bayern Brewing Inc.
UPDATED: Bayhawk Ales Inc.
UPDATED: Baying Hound Aleworks
UPDATED: Bayou Teche Brewery
UPDATED: Beach Brewing Co
UPDATED: Beachwood BBQ & Brewing
UPDATED: Bear Republic Brewing Co
UPDATED: Beards Brewery
UPDATED: Beaver Brewing Co
UPDATED: Beaver Creek Brewery
UPDATED: Beaver View Brew Co
UPDATED: Beer Engine
UPDATED: Beer Valley Brewing Co
UPDATED: Beer'd Brewing Company
UPDATED: Beerfoot Beach Bar
UPDATED: Begyle Brewing LLC
UPDATED: Belching Beaver Brewery
UPDATED: Belfast Bay Brewing Co
UPDATED: Big Choice Brewing Co
UPDATED: Big Muddy Brewing Co
UPDATED: Big Storm Brewery
UPDATED: Birdland Brewing Company
UPDATED: Birdsong Brewing
UPDATED: Bitter Root Brewing Co
UPDATED: BJs Restaurant & Brewery - Oxnard
UPDATED: BJs Restaurant & Brewery - Reno
UPDATED: BJs Restaurant & Brewery - Roseville
UPDATED: BJs Restaurant & Brewery - West Covina
UPDATED: Black Bear Brewery
UPDATED: Black Box Brewing Co
UPDATED: Black Diamond Brewing Co
UPDATED: Black Husky Brewing LLC
UPDATED: Black Lotus Brewing Co
UPDATED: Black Market Brewing Co
UPDATED: Black Mesa Brewing Company
UPDATED: Black Raven Brewing Co
UPDATED: Black Shirt Brewing Co
UPDATED: Black Tooth Brewing Co
UPDATED: Blackfoot River Brewing Co
UPDATED: Blackrocks Brewery
UPDATED: Blacksmith Brewing Co
GOOG API STATUS FAIL: {"status": "ZERO_RESULTS", "results": []}
UPDATED: Blank Slate Brewing Co
UPDATED: BLATANT Beer
UPDATED: Blind Bat Brewery LLC, The
UPDATED: Blue and Gray Brewing Co
UPDATED: Blue Blood Brewing Company
UPDATED: Blue Heron Brewing
UPDATED: Blue Hills Brewery
UPDATED: Blue Lab Brewing Co
UPDATED: Blue Mountain Barrel House and Organic Brewery
UPDATED: Blue Pants Brewery
UPDATED: Blue Point Brewing Co
UPDATED: Bluegrass Brewing Co - Production
UPDATED: Bold City Brewery
UPDATED: Boneyard Beer Co
UPDATED: Bonfire Brewing
UPDATED: Boom Island Brewing Company
UPDATED: Boone Valley Brewing Co
UPDATED: Bootleggers Brewery
UPDATED: Bootstrap Brewing Co
UPDATED: Brass Cannon Brewing
UPDATED: Brau Brothers Brewing Co
UPDATED: Bravery Brewing
UPDATED: Breaker Brewing Company
UPDATED: Brevard Brewing Co
UPDATED: Brewery Rickoli
UPDATED: Brickside Brewery
UPDATED: Bricktowne Brewing Co
UPDATED: Brickyard Brewing Co
UPDATED: Bridge Brew Works
UPDATED: Brigadoon Brewery & Brew School
UPDATED: Bristol Brewing Co
UPDATED: Broad Street Brewing Company
UPDATED: Broken Bottle Brewery
UPDATED: Broken Tooth Brewing Co
UPDATED: BRU Boulder
UPDATED: Bruery, The
UPDATED: Brugge Brasserie (#2) / Vigo Brewing
UPDATED: Buckeye Brewing Co
UPDATED: Buckman Botanical Brewery / Green Dragon
UPDATED: Budge Brothers Brewing Co
UPDATED: Buffalo Bayou Brewing Co
UPDATED: Bull Falls Brewery LLC
UPDATED: Bull Jagger Brewing
UPDATED: Bunker Brewing Co
UPDATED: Burley Oak Craft Brewery
UPDATED: Burnt Hickory Brewery
UPDATED: Butternuts Beer & Ale
UPDATED: Buzzards Bay Brewing Co / Just Beer Brewing Co
UPDATED: Cahaba Brewing Co
UPDATED: Calapooia Brewing Co / Siletz Ales
UPDATED: Caldera Brewing Co
UPDATED: Calfkiller Brewing Co
UPDATED: Calicraft Brewing Co
UPDATED: Cambria Beer Co
UPDATED: Candia Road Brewing / Nepenthe Ale House
UPDATED: Canterbury Ale Works & Hidden Wonders Farm
UPDATED: Cape Ann Brewing Co
UPDATED: Cape Cod Beer
UPDATED: Cape May Brewing Company
UPDATED: Capitol City Brewing Co - Arlington
GOOG API STATUS FAIL: {"status": "ZERO_RESULTS", "results": []}
UPDATED: Cedar Creek Brewery
UPDATED: Cellar Rats Brewery
UPDATED: Center of the Universe Brewing Co
UPDATED: Central Coast Brewing Co
UPDATED: Central Waters Brewing Co
UPDATED: Champion Brewing Company
UPDATED: Chappell Brewery
UPDATED: Charleville Vinyard & Microbrewery
UPDATED: Chatoe Rogue Farmstead Brewery
UPDATED: Chattanooga Brewing Co
UPDATED: Cheboygan Brewing Co
UPDATED: Chelsea Brewing Co
UPDATED: Chino Valley Brewery
UPDATED: Chocolate City Beer
UPDATED: Christian Moerlein Brewing Co
UPDATED: Chuckanut Brewery and Kitchen
UPDATED: Church Street Brewing Company
UPDATED: CIB Brewery (Chefs In Black)
UPDATED: Cigar City Brewing Co
UPDATED: Circle Brewing Company
UPDATED: Cisco Brewers
UPDATED: Cismontane Brewing Co
UPDATED: City Star Brewing
UPDATED: Civil Life Brewing Co
UPDATED: Claremont Craft Ales
UPDATED: Clear Creek Brewing
UPDATED: Climax Brewing Co
UPDATED: COAST Brewing Co
UPDATED: Coastal Extreme Brewing Co
UPDATED: Cody Brewing Co
UPDATED: Cold Bore Brewing
UPDATED: Cold Storage Craft Brewery
UPDATED: Colorado Mountain Brewery
UPDATED: Columbia River Brewing Co
UPDATED: Columbia Valley Brewing
UPDATED: Columbus Brewing Co
UPDATED: Comanche Creek Brewing Co
UPDATED: Commons Brewery, The
UPDATED: Community Beer Co
UPDATED: Community Beer Works
UPDATED: Cornel Brewing
UPDATED: Coronado Brewing Co
UPDATED: Cortland Beer Company
UPDATED: Cottrell Brewing Co
UPDATED: Country Boy Brewing
UPDATED: Covered Bridge Brewing
UPDATED: Covington Brewhouse
UPDATED: Crabtree Brewing Co
UPDATED: Craft Brewing Company
UPDATED: Craftsman Brewing Co
UPDATED: Craggie Brewing Co
UPDATED: Crazy Eye Brewing
UPDATED: Crazy Mountain Brewing Co
UPDATED: Crescent Brewery
UPDATED: Cricket Hill Brewing Co, Inc
UPDATED: Crooked Fence Brewery
UPDATED: Crow Peak Brewing Co
UPDATED: Crown Valley Brewing & Distilling Co
UPDATED: Crux Fermentation Project
UPDATED: Crystal Springs Brewing Co
UPDATED: Custom Brewcrafters Inc
UPDATED: Cutters Brewing Co
UPDATED: Dale Bros Brewery
UPDATED: Dark Horse Brewing Co
UPDATED: Das Bier / Big Dawg Brewhouse
UPDATED: Dave's Brew Farm
UPDATED: Dayton Beer Co
UPDATED: DC Brau Brewing
UPDATED: Deep Ellum Brewing Co
UPDATED: Deep Water Brewing At the Vinery
UPDATED: Defiant Brewing Co
UPDATED: Denali Brewing Co
UPDATED: Denver Beer Co
UPDATED: Depot Street Brewing Co
UPDATED: Desert Eagle Brewing
UPDATED: Devil's Canyon Brewing Company
UPDATED: Devils Backbone Brewing Co - Outpost Production Fa
UPDATED: Dewey Cannon Winery and Brewery
UPDATED: Diamond Bear Brewing Co
UPDATED: Diamond Knot Brewery & Alehouse
UPDATED: Dicks Brewing Co
UPDATED: Dirty Bucket Brewery
GOOG API STATUS FAIL: {"status": "ZERO_RESULTS", "results": []}
UPDATED: DuClaw Brewing Co
UPDATED: Due South Brewing Co
UPDATED: Dunbar Brewing
UPDATED: Dunedin Brewery & Public House
UPDATED: Dungeness Brewing Company
UPDATED: Duo Brewing
UPDATED: Durango Brewing Co
UPDATED: Dust Bowl Brewing Co
UPDATED: Duvall Springs Brewing Company
UPDATED: E.J. Phair Brewing Co
UPDATED: E.J. Phair Brewing Co.
UPDATED: Eagle Rock Brewery
UPDATED: East End Brewing Co
UPDATED: Eastern Shore Brewing
UPDATED: Echo Brewing Company
UPDATED: Eddyline Brewing LLC
UPDATED: Edwinton Brewing Co
UPDATED: Eel River Brewing Co
UPDATED: El Segundo Brewing Co
UPDATED: El Toro Brewing Co
UPDATED: Electric Brewing Co
UPDATED: Element Brewing Co
UPDATED: Elevation 66 Brewing Co
UPDATED: Elevation Beer Company
UPDATED: Elevator Brewing Co - Production facility
UPDATED: Elk Head Brewing Co
UPDATED: Ellersick Brewing Co
UPDATED: Elysian Brewing Co
UPDATED: Elysian Brewing Co
UPDATED: Emerald City Beer Co
UPDATED: Empyrean Brewing Co
UPDATED: Enegren Brewing Co
UPDATED: English Ales Brewery
UPDATED: Epic Ales
UPDATED: Epic Brewing Co., LLC
UPDATED: Equinox Brewing
UPDATED: Erie Brewing Co
UPDATED: Estes Park Brewery
UPDATED: Etna Brewing Co LLC
UPDATED: Fenton Winery & Brewery
UPDATED: Ferguson Brewing Co
UPDATED: Fezziwig's Brewing
UPDATED: Fiddlehead Brewing
UPDATED: Figueroa Mountain Brewing
UPDATED: Figure Eight Brewing Co
UPDATED: Finch's Beer Company
UPDATED: Finger Lakes Beer Co
UPDATED: Fire Mountain Brew House
UPDATED: FireWheel Brewing Co
UPDATED: Flat 12 Bierwerks
UPDATED: Flat Earth Brewing Co
UPDATED: Flathead Lake Brewing Co
UPDATED: Fletcher Street Brewing Co
UPDATED: Flounder Brewing Co
UPDATED: Flying Bison Brewing Co
UPDATED: Flying Fish Brewing Co
UPDATED: Foggy Noggin Brewing
UPDATED: Foothills Brewing and Beverage Co
UPDATED: Foothills Brewing Co
UPDATED: Fordham Brewing Co
UPDATED: Fort Collins Brewery
UPDATED: Fossil Cove Brewing Co
UPDATED: Four Corners Brewing Co
UPDATED: Four Friends Brewing Co
UPDATED: Four Horsemen Brewing Co
UPDATED: Four String Brewing Company
UPDATED: Franconia Brewing Co
UPDATED: Frankenmuth Brewing Co
UPDATED: Free State Brewing Co - Production
UPDATED: Free Will Brewing Company
UPDATED: Freedom's Edge Brewing
UPDATED: Fremont Brewing Co
UPDATED: French Broad Brewing Co
UPDATED: Frog Island Brewing Co
UPDATED: Frog Level Brewing Co
UPDATED: Full Pint Brewing Co
UPDATED: Full Sail Brewery - Riverplace
UPDATED: Fullsteam Brewery
UPDATED: Fulton Beer
UPDATED: Funkwerks
UPDATED: Galactic Coast Brewing
UPDATED: Gallaghers' Where U Brew
UPDATED: Geneva Lake Brewing Co
UPDATED: GoodLife Brewing Company
UPDATED: Grafton Winery & Brewhaus
UPDATED: Grand Canyon Brewery
UPDATED: Grand Teton Brewing Co
UPDATED: Granite City Food & Wort House
UPDATED: Granite Mountain Brewing
UPDATED: Grateful Hands Brewery
UPDATED: Gravity Brewing
UPDATED: Gray Brewing Co
UPDATED: Great Basin Brewing Co
UPDATED: Great Black Swamp Brewing Co
UPDATED: Great Crescent Brewery
UPDATED: Great Northern Brewing Co
UPDATED: Great River Brewery
UPDATED: Great South Bay Brewery
UPDATED: Great Storm Brewing Co
UPDATED: Green Man Brewing Co
UPDATED: Green Room Brewing
UPDATED: Greenbush Brewing Co
UPDATED: Greenpoint Beer Works Inc
UPDATED: Greenport Harbor Brewing Co, LLC
UPDATED: Grey Sail Brewing Co. LLC
UPDATED: Grimm Brothers Brewhouse, LLC
UPDATED: Guadalupe Brewery
UPDATED: Gulf Coast Brewing Co
UPDATED: Haines Brewing Co
UPDATED: Hair of the Dog Brewing Co
UPDATED: Hale's Ales Brewery and Pub
UPDATED: Half Acre Beer Co
UPDATED: Half Full Brewery
UPDATED: Hardywood Park Craft Brewery
UPDATED: Harvest Moon Brewing
UPDATED: Hawaii Nui Brewing
UPDATED: Headwaters Brewing Co
UPDATED: Healdsburg Beer Co
UPDATED: Heater Allen Brewery
UPDATED: Heinzelmannchen Brewery
UPDATED: Heist Brewing Company
UPDATED: Helltown Brewing
UPDATED: Helm's Brewing Company, LLC
UPDATED: HenHouse Brewing
UPDATED: Hermitage Brewing Company
UPDATED: Hess Brewing
UPDATED: Hoof Hearted Brewing
UPDATED: Hoppin' Frog Brewing Co
UPDATED: Hops and Grain Brewing
UPDATED: Horny Toad Brewing Co, LLC
UPDATED: Horse Heaven Hills Brewery
UPDATED: Horsefly Brewing Co
UPDATED: Horseheads Brewing Inc
UPDATED: Horseshoe Bend Brewing Co
UPDATED: House of Brews
UPDATED: Howard Brewing Co
UPDATED: Huebert Brewing Co
UPDATED: Humble Brewing
UPDATED: I & I Brewing
UPDATED: Ice Harbor Brewing Co
UPDATED: Icicle Brewing Co
UPDATED: Idaho Brewing Co
UPDATED: Idle Hands Craft Ales
UPDATED: Iechyd Da Brewing
UPDATED: Indeed Brewing Co
UPDATED: Independence Brewing
UPDATED: Indian Wells Brewing Co
UPDATED: Indigo Imp Brewery
UPDATED: Inland Empire Brewing Co
UPDATED: Intuition Ale Works
UPDATED: Iron Fist Brewing Co
UPDATED: Iron Goat Brewing
UPDATED: Iron Horse Brewery
UPDATED: Ironfire Brewing Company
UPDATED: Ishii Brewing Company
UPDATED: Isla Verde Brewing Co
UPDATED: Island Brewing Co
UPDATED: Island Hoppin' Brewery
UPDATED: Ithaca Beer Co
UPDATED: Jack's Abby Brewing
UPDATED: Jackalope Brewing Company, LLC
UPDATED: Jaden James Brewery @ The Cascade Winery
UPDATED: Jailhouse Brewing Co
UPDATED: James River Brewing Co
UPDATED: Jester King Craft Brewing
UPDATED: Johanssons Dining House
UPDATED: John A. Huber Brewing Co
UPDATED: John S Rhodell Brewery
UPDATED: Jolly Pumpkin Artisan Ales
UPDATED: Kelsey Creek Brewing
UPDATED: Kenai River Brewing Co
UPDATED: Kettlehouse Brewing Co
UPDATED: Kettlehouse Brewing Co - Production facility
UPDATED: Keuka Brewing Co
UPDATED: Kevin Baity's Kraft Beer
UPDATED: Keweenaw Brewing Co - Production Facility
UPDATED: King Street Brewing Co
UPDATED: Kingdom Brewing
UPDATED: Kinney Creek Brewery
UPDATED: Kissell Brewing Company
UPDATED: Knee Deep Brewing Co.
UPDATED: Kodiak Island Brewing Co, LLC
UPDATED: Krebs Brewing Co
UPDATED: Kuhnhenn Brewing Co
UPDATED: Kulshan Brewing Co
UPDATED: La Cumbre Brewing Co
UPDATED: Lagniappe Brewing Co / Effinheimer Beer
UPDATED: Lake Bluff Brewing Company
UPDATED: Lake Effect Brewing Company
UPDATED: Lake Louie Brewing Co
UPDATED: Lake Superior Brewing Co
UPDATED: Lakewood Brewing Co
UPDATED: Lancaster Brewing Co
UPDATED: Lander Brewing Co
UPDATED: Lantern Brewing
UPDATED: Latitude 33 Brewing Co
UPDATED: Laughing Dog Brewing
UPDATED: Laughing Sun Brewing
UPDATED: Lavery Brewing Co
UPDATED: Lawson's Finest Liquids
UPDATED: Lazy Boy Brewing
UPDATED: Lazy Magnolia Brewing Co, LLC
UPDATED: Lazy Monk Brewing
UPDATED: Leech Lake Brewing
UPDATED: Left Coast Brewing & Oggis Pizza
UPDATED: Little Yeoman Brewery
UPDATED: Live Oak Brewing Co
UPDATED: Loe's Brewing Co
UPDATED: Logjam Micro Brewery / Monster Hall Campground
UPDATED: Logsdon Farmhouse Ales
UPDATED: Lone Peak Brewery
UPDATED: Lone Tree Brewing Co
UPDATED: LoneRider Brewing Co
UPDATED: Long Brewing LLC
UPDATED: Long Ireland Brewing Co
UPDATED: Loomis Basin Brewing Co
UPDATED: Lore Brewing Company
UPDATED: Lost Falls Brewery
UPDATED: Lost Rhino Brewing Co
UPDATED: Loveland Ale Works
UPDATED: Lucette Brewing Co
UPDATED: Lucid Brewing
UPDATED: Lucky Bucket Brewing Co
UPDATED: Mad Lab Craft Brewing
UPDATED: Mad River Brewing Co
UPDATED: Madhouse Brewing Co
UPDATED: Madison River Brewing Co
UPDATED: Maine Beer Co
UPDATED: Maine Coast Brewing Co / Jack Russel's Steakhouse
UPDATED: Malty Dog Brewery
UPDATED: Mammoth Brewing
UPDATED: Mankato Brewery
UPDATED: Mantorville Brewing Co LLC
UPDATED: Manzanita Brewing Co
UPDATED: Marble Brewery
UPDATED: Maritime Pacific Brewing Co
UPDATED: Marshall Brewing Co, LLC
UPDATED: Marshall Wharf Brewing Co
UPDATED: Mayday Brewery
UPDATED: Mayflower Brewing Co
UPDATED: McMenamins East Vancouver Brewery
UPDATED: McMenamins Edgefield Brewery
UPDATED: McMenamins Fulton Pub and Brewery
UPDATED: McMenamins Hillsdale Brewery and Public House
UPDATED: McMenamins Oak Hills Brewery
UPDATED: Mile Marker Brewing
UPDATED: Millbock Brewing
UPDATED: Millking It Productions
UPDATED: Millstream Brewing Co
UPDATED: Milwaukee Brewing Co - Production facility
UPDATED: Mission Brewery
UPDATED: Missouri Breaks Brewing
UPDATED: Moccasin Bend Brewing Co
UPDATED: Mogollon Brewing Co
UPDATED: Molly Pitcher's Brewing Co
UPDATED: Monkish Brewing Co
UPDATED: Monocacy Brewing Co
UPDATED: Montana Brewing Co
UPDATED: Moonlight Brewing Co
UPDATED: Mother Earth Brew Co LLC
UPDATED: Mother Earth Brewing
UPDATED: Mother Road Brewing Co
UPDATED: Mother's Brewing Co
UPDATED: Motor City Brewing Works
UPDATED: Mount Dora Brewing Co
UPDATED: Mount Hood Brewing Co
UPDATED: Mount Pleasant Brewing Co
UPDATED: Mount Shasta Brewing Co
UPDATED: Mountain State Brewing Co
UPDATED: MT Head Brewing Co
UPDATED: Mt. Carmel Brewing Co
UPDATED: Mt. Tabor Brewing Co
UPDATED: Mudshark Brewing Co
UPDATED: Mystery Brewing Co
UPDATED: Mystic Brewery
UPDATED: Naked Brewing Co
UPDATED: Naked Dove Brewing Company
UPDATED: Nano Brew Cleveland
UPDATED: Nantahala Brewing Co
UPDATED: Napa Smith Brewery & Winery
UPDATED: Nashoba Valley Winery and Brewery
UPDATED: Natian Brewery
UPDATED: Natty Greene's Brewing Co
UPDATED: Neil House Brewery
UPDATED: Neptunes Brewery, LLC
UPDATED: Neshaminy Creek Brewing Co
UPDATED: New Boswell Brewing Co
UPDATED: New England Brewing Co
UPDATED: No Li Brewing Co
UPDATED: Noble Ale Works
UPDATED: NoDa Brewing Co
UPDATED: North Idaho Mountain Brew / City Limits Pub
UPDATED: North Sound Brewing Co.
UPDATED: Northern Ales
UPDATED: Northshire Brewery, Inc
UPDATED: Northwest Peaks Brewery
UPDATED: O'Connor Brewing Co
UPDATED: O'Fallon Brewery
UPDATED: O'so Brewing
UPDATED: Oak Creek Brewing Co
UPDATED: Oak Pond Brewing Co
UPDATED: Oakshire Brewing
UPDATED: Obed & Isaac's American Ale House / Land of Lincol
UPDATED: Occidental Brewing
UPDATED: Oceanside Ale Works
UPDATED: Odd Side Ales
UPDATED: Odin Brewing Co
UPDATED: Off The Rail Brewery
UPDATED: Offbeat Brewing Co
UPDATED: Ohana Brewing Co
UPDATED: Ohio Brewing Co
UPDATED: Ol' Republic Brewery
UPDATED: Old Bisbee Brewing
UPDATED: Old Black Bear Brewing
UPDATED: Old Dominion Brewing Co
UPDATED: Old Hangtown Beer Works
UPDATED: Old North State Winery & Brewery
UPDATED: Old Orange Brewing Co
UPDATED: Old Redwood Brewing Company
UPDATED: Old World Brewery Inc
UPDATED: Olde Burnside Brewing Co.
UPDATED: Olde Hickory Brewery - Production
UPDATED: Olde Mecklenburg Brewery, The
UPDATED: Olvalde Farm & Brewing
UPDATED: On The Tracks Brewing
UPDATED: One Trick Pony
UPDATED: Ore Dock Brewing Co
UPDATED: Oregon Trail Brewery
UPDATED: Orlando Brewing Partners, Inc.
UPDATED: Our Brewing Co
UPDATED: Paradox Beer Co
UPDATED: Parish Brewing Company
UPDATED: Pateros Creek Brewing
UPDATED: Paw Paw Microbrewery
UPDATED: Payette Brewing Co
UPDATED: Peace Tree Brewing Company
UPDATED: Pearl Street Brewery
UPDATED: Pedernales Brewing Co
UPDATED: Pennsylvania Brewing Co
UPDATED: Penobscot Bay Brewery
UPDATED: Pensacola Bay Brewery
UPDATED: Peoples Brewing Co
UPDATED: Perennial Artisanal Ales
UPDATED: Peticolas Brewing Co
UPDATED: Pfriem Family Brewers
UPDATED: Philadelphia Brewing Co
UPDATED: Philipsburg Brewing Co
UPDATED: Pike 51 Brewing
UPDATED: Pike Brewing Co
UPDATED: Piney River Brewing Company
UPDATED: Pioneer Brewing
UPDATED: Pipeworks Brewing Co
UPDATED: Pisgah Brewing Co
UPDATED: Pismo Brewing Co
UPDATED: Pizza Boy Brewing Co
UPDATED: Poor House Brewing
UPDATED: Port Brewing Co / The Lost Abbey
UPDATED: Port City Brewing Co.
UPDATED: Port Huron Brewing Co
UPDATED: Port Jeff Brewing Co
UPDATED: Port Townsend Brewing Co
UPDATED: Potosi Brewing Co
UPDATED: Pour Decisions Brewing Company
UPDATED: Prescott Brewing Co - Production Facility
UPDATED: Pretty Things Beer & Ale Project
UPDATED: Prism Brewing Company
UPDATED: Prodigal Brewing Co
UPDATED: Proof Brewing Co
UPDATED: Prospectors Brewing Company
UPDATED: Prost Brewing
UPDATED: Public Craft Brewing Co
UPDATED: Purgatory Brewery LLC
UPDATED: Purple Healer Brewing Co
UPDATED: Red Branch Brewing Company / Rabbits Foot Meadery
UPDATED: Red Brick Brewing Co / Atlanta Brewing Co
UPDATED: Red Ear Brewing Co
UPDATED: Red Hare Brewing Co
UPDATED: Red Lodge Ales Brewing
UPDATED: Red Oak Brewing Co
UPDATED: Redwood Curtain Brewing Co
UPDATED: Refined Ale Brewery
UPDATED: Relic Brewing
UPDATED: Renegade Brewing Company
UPDATED: Republic Brewing Co
UPDATED: Reuben's Brews
UPDATED: Revival Brewing
UPDATED: Revolution Brewing - Production Facility
UPDATED: Revolution Brewing Co - Colorado
UPDATED: Revolver Brewing
UPDATED: Right Brain Brewery
UPDATED: Riley's Brewing Co
UPDATED: Rising Tide Brewing Co
UPDATED: Ritual Brewing Co
UPDATED: River Bend Brewing
UPDATED: River Horse Brewery/Bucks County Brewing
UPDATED: River North Brewery
UPDATED: Riverport Brewing Co
UPDATED: Rivertown Brewing Co
UPDATED: RJ Rockers Brewing Co
UPDATED: Roanoke Railhouse Brewing Co
UPDATED: Roc Brewing Co
UPDATED: Rochester Mills Beer Co - Production Facility
UPDATED: Rock Art Brewery
UPDATED: Rock Bridge Brewing Co
UPDATED: Rockford Brewing Company
UPDATED: Rockmill Brewing Co
GOOG API STATUS FAIL: {"status": "ZERO_RESULTS", "results": []}
UPDATED: Rocky Coulee Brewing
UPDATED: Rocky Mountain Brewery
UPDATED: Rocky Point Artisan Ales
UPDATED: Rogness Brewing Co
UPDATED: Rogues Harbor Brewing Co
UPDATED: Rohrbach Brewing Co
UPDATED: Rolling Meadows Microbrewery
UPDATED: Roseville Brewing Co
UPDATED: Ruhlman Brewery / Our Ales
UPDATED: Ruhstaller Beer
UPDATED: Rumspringa Brewing Co
UPDATED: Rush River Brewing Co
UPDATED: Russian River Brewing Co - Production
UPDATED: Rust Belt Brewing Co
UPDATED: Rustic Road Brewing Co
UPDATED: Saddlebock Brewery
UPDATED: Saint Boniface Craft Brewing Co
UPDATED: Saint George Brewing Co
UPDATED: Saint Somewhere Brewing Co
UPDATED: Salt Creek Brewery
UPDATED: Salt Lake Brewing Co/ Squatters Pub Brewery
UPDATED: Sand Creek Brewing Co
UPDATED: Santa Cruz Aleworks
UPDATED: Santa Fe Brewing Co
UPDATED: Santa Maria Brewing Co
UPDATED: Sante Adairius Rustic Ales
UPDATED: Santiam Brewing Co
UPDATED: Saugatuck Brewing Co
UPDATED: Saw Works Brewing Co
UPDATED: Sayulita Brewing Company
UPDATED: SchillingBridge Winery & Microbrewery
UPDATED: Schmohz Brewery
UPDATED: Schnebly Winery and Brewery
UPDATED: Schooner Exact Brewing Co
UPDATED: Schubros Brewery
UPDATED: Scuttlebutt Brewing Co
UPDATED: Seattle Brewing Co
UPDATED: Sebago Brewing Co & Corporate Offices
UPDATED: Selkirk Abbey Brewing
UPDATED: Seneca Lodge Craft Brewing At Seneca Lodge
UPDATED: Seven Brides Brewery
UPDATED: Shades of Pale Brewery
UPDATED: Shawnee Craft Brewery
UPDATED: Sheepscot Valley Brewing Co
UPDATED: Sherwood Forest Brewers
UPDATED: Ship Bottom Brewery
UPDATED: Shmaltz Brewing Co / Coney Island Brewing Co
UPDATED: Shorts Brewing Co
UPDATED: Shorts Brewing Co - Production facility
UPDATED: Sick N Twisted Brewing Co
UPDATED: Sierra Blanca Brewing Co
UPDATED: Sleepy Dog Brewing Co
UPDATED: Slippery Pig Brewery
UPDATED: Sloop Brewing
UPDATED: Sly Fox Brewing Co
UPDATED: Small Town Brewery
UPDATED: Smartmouth Brewing Co
UPDATED: Snake River Brewing Co
UPDATED: Snipes Mountain Brewing Co
UPDATED: Snoqualmie Falls Brewing Co
UPDATED: Snow Eagle Brewing
UPDATED: Snowy Mountain Brewery
UPDATED: Soaring Wings Brewing
UPDATED: SoCal Beer Company
UPDATED: Societe Brewing Company
UPDATED: Sockeye Brewing Co
UPDATED: Solemn Oath Brewery
UPDATED: Solera Brewery
UPDATED: Soo Brewing Company
UPDATED: Soos Creek Brewing Co
UPDATED: Sound Brewery
UPDATED: South Austin Brewing Co
UPDATED: Southern Appalachian Brewery
UPDATED: Southern Oregon Brewing Co
UPDATED: Southern Pacific Brewing
UPDATED: Southern Star Brewing
UPDATED: Speakeasy Ales and Lagers
UPDATED: Spider Bite Brewing Co
UPDATED: Spilker Ales
UPDATED: Spring House Brewery
UPDATED: Squam Brewing Co
UPDATED: St Elias Brewing Co
UPDATED: St. Florian's Brewery
UPDATED: Staples Mill Brewing
UPDATED: Steel Toe Brewing Co
UPDATED: Stoudts Brewing Co
UPDATED: Straight to Ale
UPDATED: Strand Brewing Co
UPDATED: Strange Brewing Co
UPDATED: Strawn Brewing Co
UPDATED: Studio Brew
UPDATED: Stumblefoot Brewing
UPDATED: Sudwerk Privatbrauerei Hubsch
UPDATED: Sun King Brewing Co
UPDATED: Ten Fifty Five Brewing
UPDATED: Tenaya Creek Brewery
UPDATED: Terminal Gravity Brewing Co
UPDATED: Texas Big Beer Brewery
UPDATED: The Address Brewing / 1702 Beer & Pizza
UPDATED: The Ale Apothecary
UPDATED: The Brewery At Blackberry Farm
UPDATED: The Farmers' Cabinet
UPDATED: The Filling Station Microbrewery
UPDATED: The Hourglass Brewery
UPDATED: The Phoenix Ale Brewery
UPDATED: Thimble Island Brewery
UPDATED: Thirsty Dog Brewing Company
UPDATED: Thirsty Planet Brewing Co
UPDATED: Thomas Creek Brewery
UPDATED: Thomas Hooker Brewing Co LLC
UPDATED: Three Angels Brewing
UPDATED: Three Barrel Brewing Co
UPDATED: Three Palms Brewing
UPDATED: Throwback Brewery
UPDATED: Tighthead Brewing Co
UPDATED: Tin Mill Brewing Co
UPDATED: Tin Roof Brewing Co
UPDATED: Tioga-Sequoia Brewing Co
UPDATED: TommyKnocker Brewery & Pub
UPDATED: Toppling Goliath Brewing Co
UPDATED: Track 7 Brewing Co
UPDATED: Trade Route Brewing Co
UPDATED: Tree House Brewery
UPDATED: Tri City Brewing Co
UPDATED: Triangle Brewing Co
UPDATED: Triple C Brewing
UPDATED: Triplehorn Brewing Co
UPDATED: Triton Brewing Company
UPDATED: Trout River Brewing Co
UPDATED: TRVE Brewing Co
UPDATED: Tuckahoe Brewing Co
UPDATED: Tuckerman Brewing Co
UPDATED: Turtle Anarchy Brewing Co
UPDATED: Turtle Stone Brewing Co
UPDATED: Twelve Bar Brews
UPDATED: Twin Lakes Brewing Co
UPDATED: Twin Peaks Brewing & Malting
UPDATED: Uberbrew
UPDATED: Uncommon Brewers
UPDATED: Under Cover Ale Works
UPDATED: Undertaker Brewing Co
UPDATED: Union Craft Brewing
UPDATED: Upland Brewing Co
UPDATED: Upright Brewing Co
UPDATED: Upslope Brewing Co
UPDATED: Upstate Brewing Co
UPDATED: Urban Chestnut Brewing Co
UPDATED: Urban Family Brewing
UPDATED: Valholl Brewing Company
UPDATED: Valkyrie Brewing
UPDATED: Valley Vineyards Winery & Brewery
UPDATED: Van Houzen Brewing
UPDATED: Vander Mill Winery, Cider Mill & Microbrewery
UPDATED: Vashon Brewing Co
UPDATED: Ventura's Surf Brewery
UPDATED: Vertigo Brewing
UPDATED: Very Nice Brewing Co
UPDATED: Vine Park Brewing Co
UPDATED: Voodoo Brewing Co
UPDATED: Wakonda Brewing Co
UPDATED: Walkabout Brewing Co
UPDATED: Walking Man Brewing Co
UPDATED: Wandering Star Brewing Co
UPDATED: Wanderlust Brewing Company
UPDATED: Washingtonian's Brewing
UPDATED: Wedge Brewing Co
UPDATED: Weeping Radish Farm Brewery
UPDATED: West Flanders Brewing Co
UPDATED: West Highland Brewing
UPDATED: West Sixth Brewing Co
UPDATED: Westbrook Brewing Co
UPDATED: Westfield Brewing Co
UPDATED: Weston Brewing Co / O`Malley`s Pub
UPDATED: Westport Brewing Company
UPDATED: Wet 'N Reckless Brewing
UPDATED: Weyerbacher Brewing Co
UPDATED: White Birch Brewing
UPDATED: White Bluffs Brewing
UPDATED: White Flame Brewing Co
UPDATED: Wolf Hills Brewing Co
UPDATED: Wooden Shoe Brewing Co LLC
UPDATED: Wooster Brewery
UPDATED: Wormtown Brewing
UPDATED: Yakima Craft Brewing Co
UPDATED: Yazoo Brewing Co
UPDATED: Yellowhammer Brewery
UPDATED: Yellowstone Valley Brewing Co.
UPDATED: Zauber Brewing Co
UPDATED: Zion Canyon Brewing Co
UPDATED: Zipline Brewing Co
UPDATED: Avondale Brewing Co
UPDATED: Back Forty Beer Co
UPDATED: Blue Pants Brewery
UPDATED: Cahaba Brewing Co
UPDATED: Good People Brewing Co
UPDATED: Old Black Bear Brewing
UPDATED: Straight to Ale
UPDATED: Yellowhammer Brewery
UPDATED: Anchorage Brewing Co
UPDATED: Arkose Brewery
UPDATED: Baranof Island Brewing Co
UPDATED: Broken Tooth Brewing Co
UPDATED: Denali Brewing Co
UPDATED: Haines Brewing Co
UPDATED: Homer Brewing Co
UPDATED: HooDoo Brewing Co
UPDATED: Kassik's Brewery
UPDATED: Kenai River Brewing Co
UPDATED: King Street Brewing Co
UPDATED: Kodiak Island Brewing Co, LLC
UPDATED: Midnight Sun Brewing Co
UPDATED: Silver Gulch Brewing Co
UPDATED: St Elias Brewing Co
UPDATED: Barrio Brewing Co
UPDATED: Borderlands Brewing Co
UPDATED: Desert Eagle Brewing
UPDATED: Dragoon Brewing Co
UPDATED: Electric Brewing Co
UPDATED: Grand Canyon Brewery
UPDATED: Granite Mountain Brewing
UPDATED: Mogollon Brewing Co
UPDATED: Mother Road Brewing Co
UPDATED: Mudshark Brewing Co
UPDATED: Wanderlust Brewing Company
UPDATED: Diamond Bear Brewing Co
UPDATED: Fossil Cove Brewing Co
UPDATED: Refined Ale Brewery
UPDATED: Saddlebock Brewery
UPDATED: 101 North Brewing Company
UPDATED: 5 Points Brewing Co
UPDATED: Ale Industries
UPDATED: AleSmith Brewing Co
UPDATED: Altamont Beer Works
UPDATED: American River Brewing Co
UPDATED: Amplified Ale Works / California Kebab and Brewery
UPDATED: Anaheim Brewery
UPDATED: Angel City Brewery
UPDATED: Aztec Brewery
UPDATED: Ballast Point Brewing Co / Home Brew Mart
UPDATED: Bay Bridge Brewing Co
UPDATED: Bayhawk Ales Inc.
UPDATED: Beachwood BBQ & Brewing
UPDATED: Bear Republic Brewing Co
UPDATED: Belching Beaver Brewery
UPDATED: Berryessa Brewing Co
UPDATED: BJs Restaurant & Brewery - Oxnard
UPDATED: BJs Restaurant & Brewery - Roseville
UPDATED: BJs Restaurant & Brewery - West Covina
UPDATED: Black Diamond Brewing Co
UPDATED: Black Market Brewing Co
UPDATED: Bootleggers Brewery
UPDATED: Bradleys Brewing Co
UPDATED: Bravery Brewing
UPDATED: Bruery, The
UPDATED: Calicraft Brewing Co
UPDATED: Cambria Beer Co
UPDATED: Central Coast Brewing Co
UPDATED: Chappell Brewery
UPDATED: Chino Valley Brewery
UPDATED: Cismontane Brewing Co
UPDATED: Claremont Craft Ales
UPDATED: Cold Bore Brewing
UPDATED: Coronado Brewing Co
UPDATED: Craft Brewing Company
UPDATED: Craftsman Brewing Co
UPDATED: Dale Bros Brewery
UPDATED: Elevation 66 Brewing Co
UPDATED: Enegren Brewing Co
UPDATED: English Ales Brewery
UPDATED: Etna Brewing Co LLC
UPDATED: Feather River Brewing Co
UPDATED: Fezziwig's Brewing
UPDATED: Figueroa Mountain Brewing
UPDATED: Gold Hill Brewery
UPDATED: Golden Road Brewing
UPDATED: Healdsburg Beer Co
UPDATED: Helm's Brewing Company, LLC
UPDATED: HenHouse Brewing
UPDATED: Hermitage Brewing Company
UPDATED: Hess Brewing
UPDATED: I & I Brewing
UPDATED: Indian Wells Brewing Co
UPDATED: Inland Empire Brewing Co
UPDATED: Iron Fist Brewing Co
UPDATED: Ironfire Brewing Company
UPDATED: Island Brewing Co
UPDATED: Julian Brewing Co
UPDATED: Kat Daddy Brewery
UPDATED: Kelsey Creek Brewing
UPDATED: Knee Deep Brewing Co.
UPDATED: Latitude 33 Brewing Co
UPDATED: Left Coast Brewing & Oggis Pizza
UPDATED: Lightning Brewery
UPDATED: Linden Street Brewery
UPDATED: Loomis Basin Brewing Co
UPDATED: Mad Lab Craft Brewing
UPDATED: Mad River Brewing Co
UPDATED: Mammoth Brewing
UPDATED: Manzanita Brewing Co
UPDATED: Mission Brewery
UPDATED: Molly Pitcher's Brewing Co
UPDATED: Monkish Brewing Co
UPDATED: Moonlight Brewing Co
UPDATED: Mother Earth Brew Co LLC
UPDATED: Mount Shasta Brewing Co
UPDATED: Napa Smith Brewery & Winery
UPDATED: New English Brewing Co Inc
UPDATED: Poor House Brewing
UPDATED: Port Brewing Co / The Lost Abbey
UPDATED: Prospectors Brewing Company
UPDATED: Red Branch Brewing Company / Rabbits Foot Meadery
UPDATED: Redwood Curtain Brewing Co
UPDATED: Riley's Brewing Co
UPDATED: Ritual Brewing Co
UPDATED: Roseville Brewing Co
UPDATED: Rough Draft Brewing
UPDATED: Ruhstaller Beer
UPDATED: Russian River Brewing Co - Production
UPDATED: Santa Cruz Aleworks
UPDATED: Santa Maria Brewing Co
UPDATED: Sante Adairius Rustic Ales
UPDATED: Schubros Brewery
UPDATED: Skyscraper Brewing Co
UPDATED: SoCal Beer Company
UPDATED: Societe Brewing Company
UPDATED: Southern Pacific Brewing
UPDATED: Speakeasy Ales and Lagers
UPDATED: St. Florian's Brewery
UPDATED: Strand Brewing Co
UPDATED: Stumblefoot Brewing
UPDATED: Sudwerk Privatbrauerei Hubsch
UPDATED: Tap It Brewing Co
UPDATED: Telegraph Brewing Co
UPDATED: Tioga-Sequoia Brewing Co
UPDATED: Track 7 Brewing Co
UPDATED: Uncommon Brewers
UPDATED: Under Cover Ale Works
UPDATED: Undertaker Brewing Co
UPDATED: Ventura's Surf Brewery
UPDATED: Wet 'N Reckless Brewing
UPDATED: Wildcard Brewing Company
UPDATED: Arvada Beer Company
UPDATED: Asher Brewing Co
UPDATED: Aspen Brewing Co
UPDATED: Avalanche Brewing Co
UPDATED: Big Beaver Brewing Co
UPDATED: Big Choice Brewing Co
UPDATED: Black Shirt Brewing Co
UPDATED: Crazy Mountain Brewing Co
UPDATED: Crystal Springs Brewing Co
UPDATED: Denver Beer Co
UPDATED: Dry Dock Brewing Co
UPDATED: Durango Brewing Co
UPDATED: Echo Brewing Company
UPDATED: Eddyline Brewing LLC
UPDATED: Elevation Beer Company
UPDATED: Equinox Brewing
UPDATED: Estes Park Brewery
UPDATED: Fort Collins Brewery
UPDATED: Funkwerks
UPDATED: Golden City Brewery
UPDATED: Gravity Brewing
UPDATED: Great Storm Brewing Co
UPDATED: Grimm Brothers Brewhouse, LLC
UPDATED: Hogshead Brewery
UPDATED: Horsefly Brewing Co
UPDATED: Kevin Baity's Kraft Beer
UPDATED: Lone Tree Brewing Co
UPDATED: Loveland Ale Works
UPDATED: Our Mutual Friend Malt & Brew
UPDATED: Ouray Ale House
UPDATED: Palisade Brewery
UPDATED: Paradox Beer Co
UPDATED: Pateros Creek Brewing
UPDATED: Prost Brewing
UPDATED: Purgatory Brewery LLC
UPDATED: Renegade Brewing Company
UPDATED: Revolution Brewing Co - Colorado
UPDATED: River North Brewery
UPDATED: Rocky Mountain Brewery
UPDATED: Strange Brewing Co
UPDATED: Telluride Brewing Co
UPDATED: Three Barrel Brewing Co
UPDATED: TommyKnocker Brewery & Pub
UPDATED: TRVE Brewing Co
UPDATED: Twisted Pine Brewing Co
UPDATED: Two Rascals Brewing Co
UPDATED: Upslope Brewing Co
UPDATED: Very Nice Brewing Co
UPDATED: West Flanders Brewing Co
UPDATED: Wild Woods Brewery
UPDATED: Wit's End Brewing Co
GOOG API STATUS FAIL: {"status": "ZERO_RESULTS", "results": []}
UPDATED: Two Roads Brewing Co
UPDATED: 16 Mile Brewing Co
UPDATED: 3rd Wave Brewing Co
UPDATED: Fordham Brewing Co
UPDATED: Old Dominion Brewing Co
UPDATED: Twin Lakes Brewing Co
UPDATED: 3 Stars Brewing Co
UPDATED: Chocolate City Beer
UPDATED: DC Brau Brewing
UPDATED: 7venth Sun Brewery
UPDATED: Alligator Brewing / Tall Paul's Brewhouse
UPDATED: Barley Mow Brewing Co
UPDATED: Big Storm Brewery
UPDATED: Bold City Brewery
UPDATED: Cigar City Brewing Co
UPDATED: Cold Storage Craft Brewery
UPDATED: Copp Brewery & Winery
UPDATED: Due South Brewing Co
UPDATED: Dunedin Brewery & Public House
UPDATED: Green Room Brewing
UPDATED: Intuition Ale Works
UPDATED: Lagniappe Brewing Co / Effinheimer Beer
UPDATED: Mile Marker Brewing
UPDATED: Mount Dora Brewing Co
UPDATED: Orlando Brewing Partners, Inc.
UPDATED: Pensacola Bay Brewery
UPDATED: Proof Brewing Co
UPDATED: Rapp Brewing Company
UPDATED: Saint Somewhere Brewing Co
UPDATED: Schnebly Winery and Brewery
UPDATED: Swamp Head Brewery
UPDATED: The Hourglass Brewery
UPDATED: Three Palms Brewing
UPDATED: Burnt Hickory Brewery
UPDATED: Jailhouse Brewing Co
UPDATED: Red Brick Brewing Co / Atlanta Brewing Co
UPDATED: Red Hare Brewing Co
UPDATED: Strawn Brewing Co
UPDATED: Ishii Brewing Company
UPDATED: Aloha Beer Co
UPDATED: Hawaii Nui Brewing
UPDATED: Paisley Brewing Company
UPDATED: Bi Plane Brewing Company
UPDATED: Slanted Rock Brewing Co
UPDATED: Snow Eagle Brewing
UPDATED: Sockeye Brewing Co
UPDATED: Argus Brewery
UPDATED: Begyle Brewing LLC
UPDATED: Bent River Brewing Co Production & Tasting Room
UPDATED: Big Muddy Brewing Co
UPDATED: Church Street Brewing Company
UPDATED: Finch's Beer Company
UPDATED: Grafton Winery & Brewhaus
UPDATED: Half Acre Beer Co
UPDATED: John S Rhodell Brewery
UPDATED: Lake Bluff Brewing Company
UPDATED: Lake Effect Brewing Company
UPDATED: Light the Lamp Brewery
UPDATED: Metropolitan Brewing
UPDATED: Obed & Isaac's American Ale House / Land of Lincol
UPDATED: One Trick Pony
UPDATED: Pipeworks Brewing Co
UPDATED: Revolution Brewing - Production Facility
UPDATED: Rolling Meadows Microbrewery
UPDATED: Small Town Brewery
UPDATED: Solemn Oath Brewery
UPDATED: Three Angels Brewing
UPDATED: Tighthead Brewing Co
UPDATED: Two Buddies Brewery
UPDATED: Back Road Brewery
UPDATED: Bare Hands Brewery
UPDATED: Bier Brewery and Taproom
UPDATED: Brugge Brasserie (#2) / Vigo Brewing
UPDATED: Cutters Brewing Co
UPDATED: Das Bier / Big Dawg Brewhouse
UPDATED: Evil Czech Brewery
UPDATED: Figure Eight Brewing Co
UPDATED: Flat 12 Bierwerks
UPDATED: Four Horsemen Brewing Co
UPDATED: Great Crescent Brewery
UPDATED: Iechyd Da Brewing
UPDATED: New Boswell Brewing Co
UPDATED: Peoples Brewing Co
UPDATED: Salt Creek Brewery
UPDATED: Sun King Brewing Co
UPDATED: Triton Brewing Company
UPDATED: Keg Creek Brewing Company
UPDATED: Madhouse Brewing Co
UPDATED: Millstream Brewing Co
UPDATED: Peace Tree Brewing Company
UPDATED: Toppling Goliath Brewing Co
UPDATED: Twisted Vine Brewery
UPDATED: Van Houzen Brewing
UPDATED: Crazy Eye Brewing
UPDATED: Free State Brewing Co - Production
UPDATED: Tallgrass Brewing Co
UPDATED: Alltech's Lexington Brewing & Distilling Co
UPDATED: Apocalypse Brew Works
UPDATED: Beer Engine
UPDATED: Bluegrass Brewing Co - Production
UPDATED: Country Boy Brewing
UPDATED: Lore Brewing Company
UPDATED: Red Ear Brewing Co
UPDATED: West Sixth Brewing Co
UPDATED: Bayou Teche Brewery
UPDATED: Covington Brewhouse
UPDATED: New Orleans Lager and Ale Brewing (NOLA Brewing)
UPDATED: Parish Brewing Company
UPDATED: Tin Roof Brewing Co
UPDATED: Andrews Brewing Co
UPDATED: Atlantic Brewing Co
UPDATED: Bar Harbor Brewing Co
UPDATED: Baxter Brewing Co, LLC
UPDATED: Belfast Bay Brewing Co
UPDATED: Black Bear Brewery
UPDATED: Bull Jagger Brewing
UPDATED: Bunker Brewing Co
UPDATED: Deep Water Brewing At the Vinery
UPDATED: Maine Beer Co
UPDATED: Maine Coast Brewing Co / Jack Russel's Steakhouse
UPDATED: Marshall Wharf Brewing Co
UPDATED: Oak Pond Brewing Co
UPDATED: Oxbow Brewing Co
UPDATED: Penobscot Bay Brewery
UPDATED: Rising Tide Brewing Co
UPDATED: Sebago Brewing Co & Corporate Offices
UPDATED: Sheepscot Valley Brewing Co
UPDATED: Baying Hound Aleworks
UPDATED: Burley Oak Craft Brewery
UPDATED: BLATANT Beer
UPDATED: Blue Hills Brewery
UPDATED: Boston Beer Co
UPDATED: Buzzards Bay Brewing Co / Just Beer Brewing Co
UPDATED: Cape Ann Brewing Co
UPDATED: Cape Cod Beer
UPDATED: Cisco Brewers
UPDATED: Cody Brewing Co
UPDATED: Element Brewing Co
UPDATED: Idle Hands Craft Ales
UPDATED: Jack's Abby Brewing
UPDATED: Lefty's Brewing Co
UPDATED: Mayflower Brewing Co
UPDATED: Mystic Brewery
UPDATED: Nashoba Valley Winery and Brewery
UPDATED: Night Shift Brewing, Inc
UPDATED: Paper City Brewery Co Inc
UPDATED: Pioneer Brewing
UPDATED: Pretty Things Beer & Ale Project
UPDATED: Sherwood Forest Brewers
UPDATED: Tree House Brewery
UPDATED: Wandering Star Brewing Co
UPDATED: Westfield Brewing Co
UPDATED: Wormtown Brewing
UPDATED: Arbor Corner Brewery, The
UPDATED: Arcadia Brewing Co
UPDATED: Atwater Block Brewing Co
UPDATED: BAD Brewing Co
UPDATED: Beards Brewery
UPDATED: Black Lotus Brewing Co
UPDATED: Blackrocks Brewery
UPDATED: Brickside Brewery
UPDATED: Cheboygan Brewing Co
UPDATED: Dark Horse Brewing Co
UPDATED: Dewey Cannon Winery and Brewery
UPDATED: Fenton Winery & Brewery
UPDATED: Fletcher Street Brewing Co
UPDATED: Frankenmuth Brewing Co
UPDATED: Frog Island Brewing Co
UPDATED: Good Neighbor Organic Winery & Brewery / Big O Bre
UPDATED: Greenbush Brewing Co
UPDATED: Millking It Productions
UPDATED: Motor City Brewing Works
UPDATED: Mount Pleasant Brewing Co
UPDATED: New Holland Brewing Co
UPDATED: Odd Side Ales
UPDATED: Ore Dock Brewing Co
UPDATED: Our Brewing Co
UPDATED: Paw Paw Microbrewery
UPDATED: Pike 51 Brewing
UPDATED: Right Brain Brewery
UPDATED: Rochester Mills Beer Co - Production Facility
UPDATED: Rockford Brewing Company
UPDATED: Round Barn Brewery / Round Barn Winery
UPDATED: Royal Oak Brewery
UPDATED: Saugatuck Brewing Co
UPDATED: Schmohz Brewery
UPDATED: Shorts Brewing Co
UPDATED: Shorts Brewing Co - Production facility
UPDATED: Soo Brewing Company
UPDATED: The Filling Station Microbrewery
UPDATED: Tri City Brewing Co
UPDATED: Vander Mill Winery, Cider Mill & Microbrewery
UPDATED: White Flame Brewing Co
UPDATED: Witch's Hat Brewing
UPDATED: Badger Hill Brewing
UPDATED: Boom Island Brewing Company
UPDATED: Borealis Fermentery
UPDATED: Brau Brothers Brewing Co
UPDATED: Castle Danger Brewery
UPDATED: Dubrue
UPDATED: Excelsior Brewing Co
UPDATED: Flat Earth Brewing Co
UPDATED: Fulton Beer
UPDATED: Indeed Brewing Co
UPDATED: Kinney Creek Brewery
UPDATED: Lake Superior Brewing Co
UPDATED: Leech Lake Brewing
UPDATED: Lift Bridge Brewery
UPDATED: Lucid Brewing
UPDATED: Mankato Brewery
UPDATED: Mantorville Brewing Co LLC
UPDATED: Olvalde Farm & Brewing
UPDATED: Pour Decisions Brewing Company
UPDATED: Staples Mill Brewing
UPDATED: Steel Toe Brewing Co
UPDATED: Ferguson Brewing Co
UPDATED: Horseshoe Bend Brewing Co
UPDATED: John A. Huber Brewing Co
UPDATED: Little Yeoman Brewery
UPDATED: Mother's Brewing Co
UPDATED: O'Fallon Brewery
UPDATED: Perennial Artisanal Ales
UPDATED: Piney River Brewing Company
UPDATED: Rock Bridge Brewing Co
UPDATED: Six Row Brewing Co
UPDATED: Tin Mill Brewing Co
UPDATED: Urban Chestnut Brewing Co
UPDATED: Weston Brewing Co / O`Malley`s Pub
UPDATED: 406 Brewing Company
UPDATED: Angry Hank's Microbrewery
UPDATED: Bayern Brewing Inc.
UPDATED: Beaver Creek Brewery
UPDATED: Bitter Root Brewing Co
UPDATED: Blackfoot River Brewing Co
UPDATED: Blacksmith Brewing Co
UPDATED: Bowser Brewing Co
UPDATED: Bozeman Brewing Co
UPDATED: Carters Brewing
UPDATED: Draught Works Brewing
UPDATED: Fat Jack's Tap Room
UPDATED: Flathead Lake Brewing Co
UPDATED: Glacier Brewing Co
UPDATED: Great Northern Brewing Co
UPDATED: Harvest Moon Brewing
UPDATED: Himmelberger Brewing Co
UPDATED: Kettlehouse Brewing Co
UPDATED: Kettlehouse Brewing Co - Production facility
UPDATED: Lewis & Clark Brewing Co
UPDATED: Lone Peak Brewery
UPDATED: Madison River Brewing Co
UPDATED: Missouri Breaks Brewing
UPDATED: Montana Brewing Co
UPDATED: Neptunes Brewery, LLC
UPDATED: Outlaw Brewing Co
UPDATED: Philipsburg Brewing Co
UPDATED: Quarry Brewing
UPDATED: Red Lodge Ales Brewing
UPDATED: Tamarack Brewing Co
UPDATED: Uberbrew
UPDATED: BJs Restaurant & Brewery - Reno
UPDATED: Great Basin Brewing Co
UPDATED: Joseph James Brewing Co, Inc
UPDATED: Ruby Mountain Brewing Co
UPDATED: Tenaya Creek Brewery
UPDATED: Candia Road Brewing / Nepenthe Ale House
UPDATED: Canterbury Ale Works & Hidden Wonders Farm
UPDATED: Prodigal Brewing Co
UPDATED: Squam Brewing Co
UPDATED: Throwback Brewery
UPDATED: Tuckerman Brewing Co
UPDATED: White Birch Brewing
UPDATED: Cape May Brewing Company
UPDATED: Carton Brewing Co
UPDATED: Climax Brewing Co
UPDATED: Cricket Hill Brewing Co, Inc
UPDATED: Flounder Brewing Co
UPDATED: Flying Fish Brewing Co
UPDATED: High Point Brewing Co, Inc.
UPDATED: Kane Brewing
UPDATED: River Horse Brewery/Bucks County Brewing
UPDATED: Tuckahoe Brewing Co
UPDATED: Turtle Stone Brewing Co
UPDATED: Abbey Beverage Co, LLC / Monastery of Christ In th
UPDATED: Bad Ass Brewery
UPDATED: Blue Heron Brewing
UPDATED: Broken Bottle Brewery
UPDATED: Comanche Creek Brewing Co
UPDATED: La Cumbre Brewing Co
UPDATED: Marble Brewery
UPDATED: Santa Fe Brewing Co
UPDATED: Sierra Blanca Brewing Co
UPDATED: Coopers Cave Ale Co
UPDATED: Cooperstown Brewing Co
UPDATED: Cortland Beer Company
UPDATED: Custom Brewcrafters Inc
UPDATED: Defiant Brewing Co
UPDATED: Finger Lakes Beer Co
UPDATED: Flying Bison Brewing Co
UPDATED: Good Nature Brewing
UPDATED: Great South Bay Brewery
UPDATED: Greenpoint Beer Works Inc
UPDATED: Greenport Harbor Brewing Co, LLC
UPDATED: Horseheads Brewing Inc
UPDATED: Ithaca Beer Co
UPDATED: Keegan Ales
UPDATED: Keuka Brewing Co
UPDATED: Long Ireland Brewing Co
UPDATED: Middle Ages Brewing Co Ltd
UPDATED: Naked Dove Brewing Company
UPDATED: Port Jeff Brewing Co
UPDATED: Ramapo Valley Brewery Canada Ltd
UPDATED: Roc Brewing Co
UPDATED: Rocky Point Artisan Ales
UPDATED: Rogues Harbor Brewing Co
UPDATED: Rohrbach Brewing Co
UPDATED: Seneca Lodge Craft Brewing At Seneca Lodge
UPDATED: Shmaltz Brewing Co / Coney Island Brewing Co
UPDATED: Singlecut Beersmiths
UPDATED: Sixpoint Brewery
UPDATED: Sloop Brewing
UPDATED: Spider Bite Brewing Co
UPDATED: Upstate Brewing Co
UPDATED: Asheville Brewing Co
UPDATED: Ass Clown Brewing Co
UPDATED: Aviator Brewing Company
UPDATED: Big Boss Brewing Co
UPDATED: Birdsong Brewing
UPDATED: Brevard Brewing Co
UPDATED: Carolina Brewing Co
UPDATED: Catawba Valley Brewing Co
UPDATED: Craggie Brewing Co
UPDATED: Dry County Brewing
GOOG API STATUS FAIL: {"status": "ZERO_RESULTS", "results": []}
UPDATED: Foothills Brewing Co
UPDATED: Four Friends Brewing Co
UPDATED: Mystery Brewing Co
UPDATED: Nantahala Brewing Co
UPDATED: Natty Greene's Brewing Co
UPDATED: NoDa Brewing Co
UPDATED: Old North State Winery & Brewery
UPDATED: Olde Hickory Brewery - Production
UPDATED: Olde Mecklenburg Brewery, The
UPDATED: Pisgah Brewing Co
UPDATED: Railhouse Brewery
UPDATED: Red Oak Brewing Co
UPDATED: Roth Brewing Co
UPDATED: Southern Appalachian Brewery
UPDATED: Triangle Brewing Co
UPDATED: Triple C Brewing
UPDATED: Wedge Brewing Co
UPDATED: Weeping Radish Farm Brewery
UPDATED: White Street Brewing Company
UPDATED: Edwinton Brewing Co
UPDATED: Laughing Sun Brewing
UPDATED: Black Box Brewing Co
UPDATED: Blank Slate Brewing Co
UPDATED: BottleHouse Brewery
UPDATED: Buckeye Brewing Co
UPDATED: Cellar Rats Brewery
UPDATED: Christian Moerlein Brewing Co
UPDATED: Columbus Brewing Co
UPDATED: Dayton Beer Co
UPDATED: Elevator Brewing Co - Production facility
UPDATED: Fat Head's Brewey - Production
UPDATED: Four String Brewing Company
UPDATED: Great Black Swamp Brewing Co
UPDATED: Hoof Hearted Brewing
UPDATED: Hoppin' Frog Brewing Co
UPDATED: Indigo Imp Brewery
UPDATED: Listermann Brewery
UPDATED: Mt. Carmel Brewing Co
UPDATED: Nano Brew Cleveland
UPDATED: Neil House Brewery
UPDATED: Ohio Brewing Co
UPDATED: Rivertown Brewing Co
UPDATED: Rockmill Brewing Co
UPDATED: Krebs Brewing Co
UPDATED: Marshall Brewing Co, LLC
UPDATED: 10 Barrel Brewing Co
UPDATED: Ambacht Brewing
UPDATED: Apocalypse Brewing
UPDATED: Base Camp Brewing Co
UPDATED: Beer Valley Brewing Co
UPDATED: Below Grade Brewing
UPDATED: Boneyard Beer Co
UPDATED: Boring Brewing Co
UPDATED: Bricktowne Brewing Co
UPDATED: Buckman Botanical Brewery / Green Dragon
UPDATED: Calapooia Brewing Co / Siletz Ales
UPDATED: Caldera Brewing Co
UPDATED: Captured by Porches Brewing Co
UPDATED: Cascade Brewing Barrel House
UPDATED: Cascade Lakes Brewing Co
UPDATED: Chatoe Rogue Farmstead Brewery
UPDATED: Columbia River Brewing Co
UPDATED: Commons Brewery, The
UPDATED: Conner Fields Brewing
UPDATED: Crux Fermentation Project
UPDATED: Dragon's Gate Brewery
UPDATED: Draper Brewing
UPDATED: Fearless Brewing Co
UPDATED: Fire Mountain Brew House
UPDATED: Full Sail Brewery - Riverplace
UPDATED: Gigantic Brewing Co
UPDATED: Gilgamesh Brewing Co
UPDATED: GoodLife Brewing Company
UPDATED: Hair of the Dog Brewing Co
UPDATED: Heater Allen Brewery
UPDATED: Humble Brewing
UPDATED: Logsdon Farmhouse Ales
UPDATED: Long Brewing LLC
UPDATED: McMenamins Edgefield Brewery
UPDATED: McMenamins Fulton Pub and Brewery
UPDATED: McMenamins Hillsdale Brewery and Public House
UPDATED: McMenamins Oak Hills Brewery
UPDATED: McMenamins Roseburg Station Brewery
UPDATED: McMenamins Thompson Brewery
UPDATED: McMenamins West Linn Brewery
UPDATED: Mount Hood Brewing Co
UPDATED: Natian Brewery
UPDATED: Solera Brewery
UPDATED: Southern Oregon Brewing Co
UPDATED: Terminal Gravity Brewing Co
UPDATED: The Ale Apothecary
UPDATED: Two Kilts Brewing
UPDATED: Upright Brewing Co
UPDATED: Vertigo Brewing
UPDATED: Wakonda Brewing Co
UPDATED: Walkabout Brewing Co
UPDATED: 3 Guys and A Beer'd Brewing Co
UPDATED: All Saints Brewing Co
UPDATED: Appalachian Brewing Co - Harrisburg
UPDATED: Barren Hill Brewing Co / Copper Crow Beer
UPDATED: Beaver Brewing Co
UPDATED: Benny Brew @ Marty's Blue Room
UPDATED: Boxcar Brewing Co LLC
UPDATED: Breaker Brewing Company
UPDATED: Copper Kettle Brewery
UPDATED: Copper Kettle Brewing Co
UPDATED: East End Brewing Co
UPDATED: Erie Brewing Co
UPDATED: Free Will Brewing Company
UPDATED: Full Pint Brewing Co
UPDATED: Helltown Brewing
UPDATED: HiJinx Brewing Co
UPDATED: Lancaster Brewing Co
UPDATED: Lavery Brewing Co
UPDATED: Liquid Hero Brewery
UPDATED: Millbock Brewing
UPDATED: Naked Brewing Co
UPDATED: Neshaminy Creek Brewing Co
UPDATED: Nimble Hill Brewing Co
UPDATED: Pennsylvania Brewing Co
UPDATED: Philadelphia Brewing Co
UPDATED: Pizza Boy Brewing Co
UPDATED: Prism Brewing Company
UPDATED: Purple Healer Brewing Co
UPDATED: Round Guys Brewing Co
UPDATED: Roy Pitz Brewing Co
UPDATED: Rumspringa Brewing Co
UPDATED: Saint Boniface Craft Brewing Co
UPDATED: Shawnee Craft Brewery
UPDATED: Ship Bottom Brewery
UPDATED: Aiken Brewing Co
UPDATED: COAST Brewing Co
UPDATED: Holy City Brewing
UPDATED: New South Brewing Co
UPDATED: Palmetto Brewing Co
UPDATED: RJ Rockers Brewing Co
UPDATED: Thomas Creek Brewery
UPDATED: Westbrook Brewing Co
UPDATED: Crow Peak Brewing Co
UPDATED: Heist Brewing Company
UPDATED: Sick N Twisted Brewing Co
GOOG API STATUS FAIL: {"status": "ZERO_RESULTS", "results": []}
UPDATED: Boscos World Headquarters / Ghost River Brewing
UPDATED: Calfkiller Brewing Co
UPDATED: Chattanooga Brewing Co
UPDATED: Depot Street Brewing Co
UPDATED: Fat Bottom Brewing
UPDATED: Jackalope Brewing Company, LLC
UPDATED: Mayday Brewery
UPDATED: Moccasin Bend Brewing Co
UPDATED: Saw Works Brewing Co
UPDATED: Studio Brew
UPDATED: The Brewery At Blackberry Farm
UPDATED: Turtle Anarchy Brewing Co
UPDATED: Yazoo Brewing Co
UPDATED: (512) Brewing Co
UPDATED: Adelbert's Brewery LLC
UPDATED: Austin Beerworks
UPDATED: Beerfoot Beach Bar
UPDATED: Big Bend Brewing Co
UPDATED: Brigadoon Brewery & Brew School
UPDATED: Buffalo Bayou Brewing Co
UPDATED: Cedar Creek Brewery
UPDATED: Circle Brewing Company
UPDATED: Community Beer Co
UPDATED: Cornel Brewing
UPDATED: Deep Ellum Brewing Co
UPDATED: FireWheel Brewing Co
UPDATED: Four Corners Brewing Co
UPDATED: Live Oak Brewing Co
UPDATED: New Republic Brewing
UPDATED: No Label Brewing Co
UPDATED: Pedernales Brewing Co
UPDATED: Peticolas Brewing Co
UPDATED: Rahr and Sons Brewing Co
UPDATED: Ranger Creek Brewery
UPDATED: Revolver Brewing
UPDATED: Rogness Brewing Co
UPDATED: South Austin Brewing Co
UPDATED: Southern Star Brewing
UPDATED: Texas Big Beer Brewery
UPDATED: Thirsty Planet Brewing Co
UPDATED: Twisted X Brewing Co
UPDATED: Wicked Beaver Brewing Company
UPDATED: Epic Brewing Co., LLC
UPDATED: Salt Lake Brewing Co/ Squatters Pub Brewery
UPDATED: Shades of Pale Brewery
UPDATED: Zion Canyon Brewing Co
UPDATED: 14th Star Brewing
UPDATED: Alchemist Cannery
UPDATED: Covered Bridge Brewing
UPDATED: Drop In Brewing
UPDATED: Fiddlehead Brewing
UPDATED: Grateful Hands Brewery
UPDATED: Hill Farmstead Brewery
UPDATED: Kingdom Brewing
UPDATED: Lawson's Finest Liquids
UPDATED: Northshire Brewery, Inc
UPDATED: Rock Art Brewery
UPDATED: Switchback Brewing Co
UPDATED: Trout River Brewing Co
UPDATED: Barnhouse Brewery
UPDATED: Beach Brewing Co
UPDATED: Blue and Gray Brewing Co
UPDATED: Blue Lab Brewing Co
UPDATED: Blue Mountain Barrel House and Organic Brewery
UPDATED: Brass Cannon Brewing
UPDATED: Capitol City Brewing Co - Arlington
UPDATED: Center of the Universe Brewing Co
UPDATED: Champion Brewing Company
UPDATED: Corcoran Brewing
UPDATED: Smartmouth Brewing Co
UPDATED: The Farmers' Cabinet
UPDATED: Williamsburg AleWerks
UPDATED: Wolf Hills Brewing Co
UPDATED: 
UPDATED: 12 String Brewing Co
UPDATED: 192 Brewing
UPDATED: 7 Seas Brewing Co
UPDATED: Acadian Farms
UPDATED: Airways Brewing Co
UPDATED: Alpine Brewing Co
UPDATED: American Brewing Co
UPDATED: Ancient Lakes Brewing Co
UPDATED: Bainbridge Island Brewing
UPDATED: Barhop Brewing
UPDATED: Big Al Brewing
UPDATED: Black Raven Brewing Co
UPDATED: Brickyard Brewing Co
UPDATED: Budge Brothers Brewing Co
UPDATED: Chuckanut Brewery and Kitchen
UPDATED: Columbia Valley Brewing
UPDATED: Diamond Knot Brewery & Alehouse
UPDATED: Dicks Brewing Co
UPDATED: Dirty Bucket Brewery
UPDATED: Dungeness Brewing Company
UPDATED: Duo Brewing
GOOG API STATUS FAIL: {"status": "OVER_QUERY_LIMIT", "results": []}
GOOG API STATUS FAIL: {"status": "OVER_QUERY_LIMIT", "results": []}
GOOG API STATUS FAIL: {"status": "OVER_QUERY_LIMIT", "results": []}
GOOG API STATUS FAIL: {"status": "OVER_QUERY_LIMIT", "results": []}
GOOG API STATUS FAIL: {"status": "OVER_QUERY_LIMIT", "results": []}
GOOG API STATUS FAIL: {"status": "OVER_QUERY_LIMIT", "results": []}
GOOG API STATUS FAIL: {"status": "OVER_QUERY_LIMIT", "results": []}
GOOG API STATUS FAIL: {"status": "OVER_QUERY_LIMIT", "results": []}
GOOG API STATUS FAIL: {"status": "OVER_QUERY_LIMIT", "results": []}
GOOG API STATUS FAIL: {"status": "OVER_QUERY_LIMIT", "results": []}
GOOG API STATUS FAIL: {"status": "OVER_QUERY_LIMIT", "results": []}
GOOG API STATUS FAIL: {"status": "OVER_QUERY_LIMIT", "results": []}
GOOG API STATUS FAIL: {"status": "OVER_QUERY_LIMIT", "results": []}
GOOG API STATUS FAIL: {"status": "OVER_QUERY_LIMIT", "results": []}
GOOG API STATUS FAIL: {"status": "OVER_QUERY_LIMIT", "results": []}
GOOG API STATUS FAIL: {"status": "OVER_QUERY_LIMIT", "results": []}
GOOG API STATUS FAIL: {"status": "OVER_QUERY_LIMIT", "results": []}
GOOG API STATUS FAIL: {"status": "OVER_QUERY_LIMIT", "results": []}
GOOG API STATUS FAIL: {"status": "OVER_QUERY_LIMIT", "results": []}
GOOG API STATUS FAIL: {"status": "OVER_QUERY_LIMIT", "results": []}
GOOG API STATUS FAIL: {"status": "OVER_QUERY_LIMIT", "results": []}
GOOG API STATUS FAIL: {"status": "OVER_QUERY_LIMIT", "results": []}
GOOG API STATUS FAIL: {"status": "OVER_QUERY_LIMIT", "results": []}
GOOG API STATUS FAIL: {"status": "OVER_QUERY_LIMIT", "results": []}
GOOG API STATUS FAIL: {"status": "OVER_QUERY_LIMIT", "results": []}
GOOG API STATUS FAIL: {"status": "OVER_QUERY_LIMIT", "results": []}
GOOG API STATUS FAIL: {"status": "OVER_QUERY_LIMIT", "results": []}
GOOG API STATUS FAIL: {"status": "OVER_QUERY_LIMIT", "results": []}
GOOG API STATUS FAIL: {"status": "OVER_QUERY_LIMIT", "results": []}
GOOG API STATUS FAIL: {"status": "OVER_QUERY_LIMIT", "results": []}
GOOG API STATUS FAIL: {"status": "OVER_QUERY_LIMIT", "results": []}
GOOG API STATUS FAIL: {"status": "OVER_QUERY_LIMIT", "results": []}
GOOG API STATUS FAIL: {"status": "OVER_QUERY_LIMIT", "results": []}
GOOG API STATUS FAIL: {"status": "OVER_QUERY_LIMIT", "results": []}
GOOG API STATUS FAIL: {"status": "OVER_QUERY_LIMIT", "results": []}
GOOG API STATUS FAIL: {"status": "OVER_QUERY_LIMIT", "results": []}
GOOG API STATUS FAIL: {"status": "OVER_QUERY_LIMIT", "results": []}
GOOG API STATUS FAIL: {"status": "OVER_QUERY_LIMIT", "results": []}
GOOG API STATUS FAIL: {"status": "OVER_QUERY_LIMIT", "results": []}
GOOG API STATUS FAIL: {"status": "OVER_QUERY_LIMIT", "results": []}
GOOG API STATUS FAIL: {"status": "OVER_QUERY_LIMIT", "results": []}
GOOG API STATUS FAIL: {"status": "OVER_QUERY_LIMIT", "results": []}
GOOG API STATUS FAIL: {"status": "OVER_QUERY_LIMIT", "results": []}
GOOG API STATUS FAIL: {"status": "OVER_QUERY_LIMIT", "results": []}
GOOG API STATUS FAIL: {"status": "OVER_QUERY_LIMIT", "results": []}
GOOG API STATUS FAIL: {"status": "OVER_QUERY_LIMIT", "results": []}
GOOG API STATUS FAIL: {"status": "OVER_QUERY_LIMIT", "results": []}
GOOG API STATUS FAIL: {"status": "OVER_QUERY_LIMIT", "results": []}
GOOG API STATUS FAIL: {"status": "OVER_QUERY_LIMIT", "results": []}
GOOG API STATUS FAIL: {"status": "OVER_QUERY_LIMIT", "results": []}
GOOG API STATUS FAIL: {"status": "OVER_QUERY_LIMIT", "results": []}
GOOG API STATUS FAIL: {"status": "OVER_QUERY_LIMIT", "results": []}
GOOG API STATUS FAIL: {"status": "OVER_QUERY_LIMIT", "results": []}
GOOG API STATUS FAIL: {"status": "OVER_QUERY_LIMIT", "results": []}
GOOG API STATUS FAIL: {"status": "OVER_QUERY_LIMIT", "results": []}
GOOG API STATUS FAIL: {"status": "OVER_QUERY_LIMIT", "results": []}
GOOG API STATUS FAIL: {"status": "OVER_QUERY_LIMIT", "results": []}
GOOG API STATUS FAIL: {"status": "OVER_QUERY_LIMIT", "results": []}
GOOG API STATUS FAIL: {"status": "OVER_QUERY_LIMIT", "results": []}
GOOG API STATUS FAIL: {"status": "OVER_QUERY_LIMIT", "results": []}
GOOG API STATUS FAIL: {"status": "OVER_QUERY_LIMIT", "results": []}
GOOG API STATUS FAIL: {"status": "OVER_QUERY_LIMIT", "results": []}
GOOG API STATUS FAIL: {"status": "OVER_QUERY_LIMIT", "results": []}
GOOG API STATUS FAIL: {"status": "OVER_QUERY_LIMIT", "results": []}
GOOG API STATUS FAIL: {"status": "OVER_QUERY_LIMIT", "results": []}
GOOG API STATUS FAIL: {"status": "OVER_QUERY_LIMIT", "results": []}
GOOG API STATUS FAIL: {"status": "OVER_QUERY_LIMIT", "results": []}
GOOG API STATUS FAIL: {"status": "OVER_QUERY_LIMIT", "results": []}
GOOG API STATUS FAIL: {"status": "OVER_QUERY_LIMIT", "results": []}
GOOG API STATUS FAIL: {"status": "OVER_QUERY_LIMIT", "results": []}
GOOG API STATUS FAIL: {"status": "OVER_QUERY_LIMIT", "results": []}
GOOG API STATUS FAIL: {"status": "OVER_QUERY_LIMIT", "results": []}
GOOG API STATUS FAIL: {"status": "OVER_QUERY_LIMIT", "results": []}
GOOG API STATUS FAIL: {"status": "OVER_QUERY_LIMIT", "results": []}
GOOG API STATUS FAIL: {"status": "OVER_QUERY_LIMIT", "results": []}
GOOG API STATUS FAIL: {"status": "OVER_QUERY_LIMIT", "results": []}
GOOG API STATUS FAIL: {"status": "OVER_QUERY_LIMIT", "results": []}
GOOG API STATUS FAIL: {"status": "OVER_QUERY_LIMIT", "results": []}
GOOG API STATUS FAIL: {"status": "OVER_QUERY_LIMIT", "results": []}
GOOG API STATUS FAIL: {"status": "OVER_QUERY_LIMIT", "results": []}
GOOG API STATUS FAIL: {"status": "OVER_QUERY_LIMIT", "results": []}
GOOG API STATUS FAIL: {"status": "OVER_QUERY_LIMIT", "results": []}
GOOG API STATUS FAIL: {"status": "OVER_QUERY_LIMIT", "results": []}
GOOG API STATUS FAIL: {"status": "OVER_QUERY_LIMIT", "results": []}
GOOG API STATUS FAIL: {"status": "OVER_QUERY_LIMIT", "results": []}
GOOG API STATUS FAIL: {"status": "OVER_QUERY_LIMIT", "results": []}
GOOG API STATUS FAIL: {"status": "OVER_QUERY_LIMIT", "results": []}
GOOG API STATUS FAIL: {"status": "OVER_QUERY_LIMIT", "results": []}
GOOG API STATUS FAIL: {"status": "OVER_QUERY_LIMIT", "results": []}
FINISHED!
2.65user 0.49system 6:01.95elapsed 0%CPU (0avgtext+0avgdata 59616maxresident)k
0inputs+120outputs (0major+8308minor)pagefaults 0swaps
